[2013-05-28 15:47:01] contactAdminTest::testInstantiation.INFO: PASSED [] []
[2013-05-28 15:47:01] contactAdminTest::testSaveWithoutName.ALERT: Failed asserting that true is false. [] []
[2013-05-28 15:47:01] contactAdminTest::testSaveWithoutName.INFO: # FAILED # [] []
[2013-05-28 15:47:01] contactAdminTest::testSaveWithoutName.INFO: PASSED [] []
[2013-05-28 15:47:01] contactAdminTest::testSaveWithoutEmail.ALERT: Failed asserting that true is false. [] []
[2013-05-28 15:47:01] contactAdminTest::testSaveWithoutEmail.INFO: # FAILED # [] []
[2013-05-28 15:47:01] contactAdminTest::testSaveWithoutEmail.INFO: PASSED [] []
[2013-05-28 15:47:01] contactAdminTest::testSaveWithoutPhone.ALERT: Failed asserting that true is false. [] []
[2013-05-28 15:47:01] contactAdminTest::testSaveWithoutPhone.INFO: # FAILED # [] []
[2013-05-28 15:47:01] contactAdminTest::testSaveWithoutPhone.INFO: PASSED [] []
[2013-05-28 15:47:01] contactAdminTest::testSaveWithoutPostcode.ALERT: Failed asserting that true is false. [] []
[2013-05-28 15:47:01] contactAdminTest::testSaveWithoutPostcode.INFO: # FAILED # [] []
[2013-05-28 15:47:01] contactAdminTest::testSaveWithoutPostcode.INFO: PASSED [] []
[2013-05-28 15:47:01] contactAdminTest::testSaveSuccessful.INFO: PASSED [] []
[2013-05-28 16:02:41] contactAdminTest::testInstantiation.INFO: PASSED [] []
[2013-05-28 16:02:41] contactAdminTest::testSaveWithoutName.ALERT: Failed asserting that true is false. [] []
[2013-05-28 16:02:41] contactAdminTest::testSaveWithoutName.INFO: # FAILED # [] []
[2013-05-28 16:02:41] contactAdminTest::testSaveWithoutName.INFO: PASSED [] []
[2013-05-28 16:02:41] contactAdminTest::testSaveWithoutEmail.ALERT: Failed asserting that true is false. [] []
[2013-05-28 16:02:41] contactAdminTest::testSaveWithoutEmail.INFO: # FAILED # [] []
[2013-05-28 16:02:41] contactAdminTest::testSaveWithoutEmail.INFO: PASSED [] []
[2013-05-28 16:02:41] contactAdminTest::testSaveWithoutPhone.ALERT: Failed asserting that true is false. [] []
[2013-05-28 16:02:41] contactAdminTest::testSaveWithoutPhone.INFO: # FAILED # [] []
[2013-05-28 16:02:41] contactAdminTest::testSaveWithoutPhone.INFO: PASSED [] []
[2013-05-28 16:02:41] contactAdminTest::testSaveWithoutPostcode.ALERT: Failed asserting that true is false. [] []
[2013-05-28 16:02:41] contactAdminTest::testSaveWithoutPostcode.INFO: # FAILED # [] []
[2013-05-28 16:02:41] contactAdminTest::testSaveWithoutPostcode.INFO: PASSED [] []
[2013-05-28 16:02:41] contactAdminTest::testSaveSuccessful.INFO: PASSED [] []
[2013-05-28 16:07:16] contactAdminTest::testInstantiation.INFO: PASSED [] []
[2013-05-28 16:07:16] contactAdminTest::testSaveWithoutName.INFO: PASSED [] []
[2013-05-28 16:07:16] contactAdminTest::testSaveWithoutEmail.INFO: PASSED [] []
[2013-05-28 16:07:16] contactAdminTest::testSaveWithoutPhone.INFO: PASSED [] []
[2013-05-28 16:07:16] contactAdminTest::testSaveWithoutPostcode.INFO: PASSED [] []
[2013-05-28 16:07:16] contactAdminTest::testSaveSuccessful.INFO: PASSED [] []
[2013-05-28 16:17:58] contactAdminTest::testInstantiation.INFO: PASSED [] []
[2013-05-28 16:17:58] contactAdminTest::testSaveWithoutName.ALERT: Failed asserting that true is false. [] []
[2013-05-28 16:17:58] contactAdminTest::testSaveWithoutName.INFO: # FAILED # [] []
[2013-05-28 16:17:58] contactAdminTest::testSaveWithoutName.INFO: PASSED [] []
[2013-05-28 16:17:58] contactAdminTest::testSaveWithoutEmail.ALERT: Failed asserting that true is false. [] []
[2013-05-28 16:17:58] contactAdminTest::testSaveWithoutEmail.INFO: # FAILED # [] []
[2013-05-28 16:17:58] contactAdminTest::testSaveWithoutEmail.INFO: PASSED [] []
[2013-05-28 16:17:58] contactAdminTest::testSaveWithoutPhone.ALERT: Failed asserting that true is false. [] []
[2013-05-28 16:17:58] contactAdminTest::testSaveWithoutPhone.INFO: # FAILED # [] []
[2013-05-28 16:17:58] contactAdminTest::testSaveWithoutPhone.INFO: PASSED [] []
[2013-05-28 16:17:58] contactAdminTest::testSaveWithoutPostcode.ALERT: Failed asserting that true is false. [] []
[2013-05-28 16:17:58] contactAdminTest::testSaveWithoutPostcode.INFO: # FAILED # [] []
[2013-05-28 16:17:58] contactAdminTest::testSaveWithoutPostcode.INFO: PASSED [] []
[2013-05-28 16:17:58] contactAdminTest::testSaveSuccessful.INFO: PASSED [] []
[2013-05-28 16:18:43] contactAdminTest::testInstantiation.INFO: PASSED [] []
[2013-05-28 16:18:43] contactAdminTest::testSaveWithoutName.ALERT: Failed asserting that true is false. [] []
[2013-05-28 16:18:43] contactAdminTest::testSaveWithoutName.INFO: # FAILED # [] []
[2013-05-28 16:18:43] contactAdminTest::testSaveWithoutName.INFO: PASSED [] []
[2013-05-28 16:18:43] contactAdminTest::testSaveWithoutEmail.ALERT: Failed asserting that true is false. [] []
[2013-05-28 16:18:43] contactAdminTest::testSaveWithoutEmail.INFO: # FAILED # [] []
[2013-05-28 16:18:43] contactAdminTest::testSaveWithoutEmail.INFO: PASSED [] []
[2013-05-28 16:18:43] contactAdminTest::testSaveWithoutPhone.ALERT: Failed asserting that true is false. [] []
[2013-05-28 16:18:43] contactAdminTest::testSaveWithoutPhone.INFO: # FAILED # [] []
[2013-05-28 16:18:43] contactAdminTest::testSaveWithoutPhone.INFO: PASSED [] []
[2013-05-28 16:18:43] contactAdminTest::testSaveWithoutPostcode.ALERT: Failed asserting that true is false. [] []
[2013-05-28 16:18:43] contactAdminTest::testSaveWithoutPostcode.INFO: # FAILED # [] []
[2013-05-28 16:18:43] contactAdminTest::testSaveWithoutPostcode.INFO: PASSED [] []
[2013-05-28 16:18:44] contactAdminTest::testSaveSuccessful.INFO: PASSED [] []
[2013-05-28 16:18:50] contactAdminTest::testInstantiation.INFO: PASSED [] []
[2013-05-28 16:18:50] contactAdminTest::testSaveWithoutName.INFO: PASSED [] []
[2013-05-28 16:18:50] contactAdminTest::testSaveWithoutEmail.INFO: PASSED [] []
[2013-05-28 16:18:50] contactAdminTest::testSaveWithoutPhone.INFO: PASSED [] []
[2013-05-28 16:18:50] contactAdminTest::testSaveWithoutPostcode.INFO: PASSED [] []
[2013-05-28 16:18:50] contactAdminTest::testSaveSuccessful.INFO: PASSED [] []
