[2013-05-09 12:25:10] TestContactCestCept.php.INFO: PASSED [] []
[2013-05-09 12:25:10] TestOrderCestCept.php.INFO: PASSED [] []
[2013-05-09 12:25:10] TestProductpagesCestCept.php.INFO: PASSED [] []
[2013-05-09 12:25:10] TestProductsCestCept.php.INFO: PASSED [] []
[2013-05-09 12:25:10] Codeception\TestCase\Cest::view.INFO: test method "products.view" [] []
[2013-05-09 12:25:10] Codeception\TestCase\Cest::view.INFO: have fake class "products" [] []
[2013-05-09 12:25:10] Codeception\TestCase\Cest::view.INFO: execute tested method on "products",1 [] []
[2013-05-09 12:25:10] Codeception\TestCase\Cest::view.INFO: i expect there to be a 404 error thrown  [] []
[2013-05-09 12:25:10] Codeception\TestCase\Cest::view.INFO: execute tested method on "products",0 [] []
[2013-05-09 12:25:10] Codeception\TestCase\Cest::view.INFO: PASSED [] []
[2013-05-09 12:25:10] ActiveRecordTest::testInstantian.INFO: PASSED [] []
[2013-05-09 12:25:10] ActiveRecordTest::testCreate.INFO: PASSED [] []
[2013-05-09 12:25:10] ActiveRecordTest::testValidation.INFO: PASSED [] []
[2013-05-09 12:25:10] ActiveRecordTest::testFind.INFO: PASSED [] []
[2013-05-09 12:25:10] ActiveRecordTest::testAll.ALERT: Failed asserting that false is true. [] []
[2013-05-09 12:25:10] ActiveRecordTest::testAll.INFO: # FAILED # [] []
[2013-05-09 12:25:10] ActiveRecordTest::testAll.INFO: PASSED [] []
[2013-05-09 12:25:10] ActiveRecordTest::testAssociations.INFO: PASSED [] []
[2013-05-09 12:25:10] ActiveRecordTest::testMissingFindQuery.INFO: PASSED [] []
[2013-05-09 12:25:10] ActiveRecordTest::testMissingGetQuery.ALERT: Failed asserting that a boolean is not empty. [] []
[2013-05-09 12:25:10] ActiveRecordTest::testMissingGetQuery.INFO: # FAILED # [] []
[2013-05-09 12:25:10] ActiveRecordTest::testMissingGetQuery.INFO: PASSED [] []
[2013-05-09 12:25:10] ActiveRecordTest::testMissingWhereWithoutLike.INFO: PASSED [] []
[2013-05-09 12:25:10] brandAdminTest::testInstantiation.INFO: PASSED [] []
[2013-05-09 12:25:10] brandAdminTest::testSaveWithoutTitle.INFO: PASSED [] []
[2013-05-09 12:25:10] brandAdminTest::testSaveSuccessful.INFO: PASSED [] []
[2013-05-09 12:25:10] colourAdminTest::testInstantiation.INFO: PASSED [] []
[2013-05-09 12:25:10] colourAdminTest::testSaveWithoutTitle.INFO: PASSED [] []
[2013-05-09 12:25:10] colourAdminTest::testSaveSuccessful.INFO: PASSED [] []
[2013-05-09 12:25:10] contact_infoAdminTest::testInstantiation.INFO: PASSED [] []
[2013-05-09 12:25:10] contact_infoAdminTest::testSaveWithoutAddress.INFO: PASSED [] []
[2013-05-09 12:25:10] contact_infoAdminTest::testSaveWithoutTelephone.INFO: PASSED [] []
[2013-05-09 12:25:10] contact_infoAdminTest::testSaveWithoutFax.INFO: PASSED [] []
[2013-05-09 12:25:10] contact_infoAdminTest::testSaveWithoutEmail.INFO: PASSED [] []
[2013-05-09 12:25:10] contact_infoAdminTest::testSaveSuccessful.INFO: PASSED [] []
[2013-05-09 12:25:10] corporate_contractsAdminTest::testInstantiation.INFO: PASSED [] []
[2013-05-09 12:25:10] corporate_contractsAdminTest::testSaveWithoutContent.INFO: PASSED [] []
[2013-05-09 12:25:10] corporate_contractsAdminTest::testSaveSuccessful.INFO: PASSED [] []
[2013-05-09 12:25:10] finishAdminTest::testInstantiation.INFO: PASSED [] []
[2013-05-09 12:25:10] finishAdminTest::testSaveWithoutTitle.INFO: PASSED [] []
[2013-05-09 12:25:10] finishAdminTest::testSaveSuccessful.INFO: PASSED [] []
[2013-05-09 12:25:10] GenericPagesAdminTest::testInstantiation.INFO: PASSED [] []
[2013-05-09 12:25:10] GenericPagesAdminTest::testSaveWithoutTitle.INFO: PASSED [] []
[2013-05-09 12:25:10] GenericPagesAdminTest::testSaveWithoutSub_title.INFO: PASSED [] []
[2013-05-09 12:25:10] GenericPagesAdminTest::testSaveWithoutContent.INFO: PASSED [] []
[2013-05-09 12:25:10] GenericPagesAdminTest::testSaveSuccessful.INFO: PASSED [] []
[2013-05-09 12:25:10] order_infoAdminTest::testInstantiation.INFO: PASSED [] []
[2013-05-09 12:25:10] order_infoAdminTest::testSaveWithoutReturns.INFO: PASSED [] []
[2013-05-09 12:25:10] order_infoAdminTest::testSaveWithoutDelivery.INFO: PASSED [] []
[2013-05-09 12:25:10] order_infoAdminTest::testSaveSuccessful.INFO: PASSED [] []
[2013-05-09 12:25:10] ordersAdminTest::testInstantiation.INFO: PASSED [] []
[2013-05-09 12:25:10] ordersAdminTest::testSaveWithoutCart_id.INFO: PASSED [] []
[2013-05-09 12:25:10] ordersAdminTest::testSaveWithoutProcessed.INFO: PASSED [] []
[2013-05-09 12:25:10] ordersAdminTest::testSaveSuccessful.ALERT: Failed asserting that false is true. [] []
[2013-05-09 12:25:10] ordersAdminTest::testSaveSuccessful.INFO: # FAILED # [] []
[2013-05-09 12:25:10] ordersAdminTest::testSaveSuccessful.INFO: PASSED [] []
[2013-05-09 12:25:10] productsAdminTest::testInstantiation.INFO: PASSED [] []
[2013-05-09 12:25:11] productsAdminTest::testSaveWithoutType.INFO: PASSED [] []
[2013-05-09 12:25:11] productsAdminTest::testSaveWithoutTitle.INFO: PASSED [] []
[2013-05-09 12:25:11] productsAdminTest::testSaveWithoutDescription.INFO: PASSED [] []
[2013-05-09 12:25:11] productsAdminTest::testSaveWithoutPrice.ALERT: Failed asserting that true is false. [] []
[2013-05-09 12:25:11] productsAdminTest::testSaveWithoutPrice.INFO: # FAILED # [] []
[2013-05-09 12:25:11] productsAdminTest::testSaveWithoutPrice.INFO: PASSED [] []
[2013-05-09 12:25:11] productsAdminTest::testSaveWithoutBrand.ALERT: Failed asserting that true is false. [] []
[2013-05-09 12:25:11] productsAdminTest::testSaveWithoutBrand.INFO: # FAILED # [] []
[2013-05-09 12:25:11] productsAdminTest::testSaveWithoutBrand.INFO: PASSED [] []
[2013-05-09 12:25:11] productsAdminTest::testSaveWithoutPrimary_colour.ALERT: Failed asserting that true is false. [] []
[2013-05-09 12:25:11] productsAdminTest::testSaveWithoutPrimary_colour.INFO: # FAILED # [] []
[2013-05-09 12:25:11] productsAdminTest::testSaveWithoutPrimary_colour.INFO: PASSED [] []
[2013-05-09 12:25:11] productsAdminTest::testSaveWithoutSecondary_colour.ALERT: Failed asserting that true is false. [] []
[2013-05-09 12:25:11] productsAdminTest::testSaveWithoutSecondary_colour.INFO: # FAILED # [] []
[2013-05-09 12:25:11] productsAdminTest::testSaveWithoutSecondary_colour.INFO: PASSED [] []
[2013-05-09 12:25:11] productsAdminTest::testSaveWithoutGallery.ALERT: Failed asserting that true is false. [] []
[2013-05-09 12:25:11] productsAdminTest::testSaveWithoutGallery.INFO: # FAILED # [] []
[2013-05-09 12:25:11] productsAdminTest::testSaveWithoutGallery.INFO: PASSED [] []
[2013-05-09 12:25:11] productsAdminTest::testSaveWithoutStyle.ALERT: Failed asserting that true is false. [] []
[2013-05-09 12:25:11] productsAdminTest::testSaveWithoutStyle.INFO: # FAILED # [] []
[2013-05-09 12:25:11] productsAdminTest::testSaveWithoutStyle.INFO: PASSED [] []
[2013-05-09 12:25:11] productsAdminTest::testSaveWithoutFinish.ALERT: Failed asserting that true is false. [] []
[2013-05-09 12:25:11] productsAdminTest::testSaveWithoutFinish.INFO: # FAILED # [] []
[2013-05-09 12:25:11] productsAdminTest::testSaveWithoutFinish.INFO: PASSED [] []
[2013-05-09 12:25:11] productsAdminTest::testSaveWithoutRoll_size.ALERT: Failed asserting that true is false. [] []
[2013-05-09 12:25:11] productsAdminTest::testSaveWithoutRoll_size.INFO: # FAILED # [] []
[2013-05-09 12:25:11] productsAdminTest::testSaveWithoutRoll_size.INFO: PASSED [] []
[2013-05-09 12:25:11] productsAdminTest::testSaveWithoutPattern_repeat.ALERT: Failed asserting that true is false. [] []
[2013-05-09 12:25:11] productsAdminTest::testSaveWithoutPattern_repeat.INFO: # FAILED # [] []
[2013-05-09 12:25:11] productsAdminTest::testSaveWithoutPattern_repeat.INFO: PASSED [] []
[2013-05-09 12:25:11] productsAdminTest::testSaveSuccessful.INFO: PASSED [] []
[2013-05-09 12:25:11] quotesAdminTest::testInstantiation.INFO: PASSED [] []
[2013-05-09 12:25:11] quotesAdminTest::testSaveWithoutTitle.INFO: PASSED [] []
[2013-05-09 12:25:11] quotesAdminTest::testSaveWithoutName.INFO: PASSED [] []
[2013-05-09 12:25:11] quotesAdminTest::testSaveWithoutPosition.INFO: PASSED [] []
[2013-05-09 12:25:11] quotesAdminTest::testSaveSuccessful.INFO: PASSED [] []
[2013-05-09 12:25:11] RouterTest::testInstantiation.INFO: PASSED [] []
[2013-05-09 12:25:11] RouterTest::testMap.INFO: PASSED [] []
[2013-05-09 12:25:11] RouterTest::testEmptyMap.INFO: PASSED [] []
[2013-05-09 12:25:11] RouterTest::testGetAdmin.INFO: PASSED [] []
[2013-05-09 12:25:11] RouterTest::testGet.INFO: PASSED [] []
[2013-05-09 12:25:11] styleAdminTest::testInstantiation.INFO: PASSED [] []
[2013-05-09 12:25:11] styleAdminTest::testSaveWithoutTitle.INFO: PASSED [] []
[2013-05-09 12:25:11] styleAdminTest::testSaveSuccessful.INFO: PASSED [] []
[2013-05-09 12:25:11] testimonialsAdminTest::testInstantiation.INFO: PASSED [] []
[2013-05-09 12:25:11] testimonialsAdminTest::testSaveWithoutContent.INFO: PASSED [] []
[2013-05-09 12:25:11] testimonialsAdminTest::testSaveWithoutTitle.INFO: PASSED [] []
[2013-05-09 12:25:11] testimonialsAdminTest::testSaveWithoutPosition.INFO: PASSED [] []
[2013-05-09 12:25:11] testimonialsAdminTest::testSaveSuccessful.INFO: PASSED [] []
[2013-05-09 12:55:31] TestContactCestCept.php.INFO: PASSED [] []
[2013-05-09 12:55:31] TestOrderCestCept.php.INFO: PASSED [] []
[2013-05-09 12:55:31] TestProductpagesCestCept.php.INFO: PASSED [] []
[2013-05-09 12:55:31] TestProductsCestCept.php.INFO: PASSED [] []
[2013-05-09 12:55:31] Codeception\TestCase\Cest::view.INFO: test method "products.view" [] []
[2013-05-09 12:55:31] Codeception\TestCase\Cest::view.INFO: have fake class "products" [] []
[2013-05-09 12:55:31] Codeception\TestCase\Cest::view.INFO: execute tested method on "products",1 [] []
[2013-05-09 12:55:31] Codeception\TestCase\Cest::view.INFO: i expect there to be a 404 error thrown  [] []
[2013-05-09 12:55:31] Codeception\TestCase\Cest::view.INFO: execute tested method on "products",0 [] []
[2013-05-09 12:55:31] Codeception\TestCase\Cest::view.INFO: PASSED [] []
[2013-05-09 12:55:31] ActiveRecordTest::testInstantian.INFO: PASSED [] []
[2013-05-09 12:55:31] ActiveRecordTest::testCreate.INFO: PASSED [] []
[2013-05-09 12:55:31] ActiveRecordTest::testValidation.INFO: PASSED [] []
[2013-05-09 12:55:31] ActiveRecordTest::testFind.INFO: PASSED [] []
[2013-05-09 12:55:31] ActiveRecordTest::testAll.ALERT: Failed asserting that false is true. [] []
[2013-05-09 12:55:31] ActiveRecordTest::testAll.INFO: # FAILED # [] []
[2013-05-09 12:55:31] ActiveRecordTest::testAll.INFO: PASSED [] []
[2013-05-09 12:55:31] ActiveRecordTest::testAssociations.INFO: PASSED [] []
[2013-05-09 12:55:31] ActiveRecordTest::testMissingFindQuery.INFO: PASSED [] []
[2013-05-09 12:55:31] ActiveRecordTest::testMissingGetQuery.ALERT: Failed asserting that a boolean is not empty. [] []
[2013-05-09 12:55:31] ActiveRecordTest::testMissingGetQuery.INFO: # FAILED # [] []
[2013-05-09 12:55:31] ActiveRecordTest::testMissingGetQuery.INFO: PASSED [] []
[2013-05-09 12:55:31] ActiveRecordTest::testMissingWhereWithoutLike.INFO: PASSED [] []
[2013-05-09 12:55:31] brandAdminTest::testInstantiation.INFO: PASSED [] []
[2013-05-09 12:55:31] brandAdminTest::testSaveWithoutTitle.INFO: PASSED [] []
[2013-05-09 12:55:31] brandAdminTest::testSaveSuccessful.INFO: PASSED [] []
[2013-05-09 12:55:31] colourAdminTest::testInstantiation.INFO: PASSED [] []
[2013-05-09 12:55:31] colourAdminTest::testSaveWithoutTitle.INFO: PASSED [] []
[2013-05-09 12:55:31] colourAdminTest::testSaveSuccessful.INFO: PASSED [] []
[2013-05-09 12:55:31] contact_infoAdminTest::testInstantiation.INFO: PASSED [] []
[2013-05-09 12:55:31] contact_infoAdminTest::testSaveWithoutAddress.INFO: PASSED [] []
[2013-05-09 12:55:31] contact_infoAdminTest::testSaveWithoutTelephone.INFO: PASSED [] []
[2013-05-09 12:55:31] contact_infoAdminTest::testSaveWithoutFax.INFO: PASSED [] []
[2013-05-09 12:55:31] contact_infoAdminTest::testSaveWithoutEmail.INFO: PASSED [] []
[2013-05-09 12:55:32] contact_infoAdminTest::testSaveSuccessful.INFO: PASSED [] []
[2013-05-09 12:55:32] corporate_contractsAdminTest::testInstantiation.INFO: PASSED [] []
[2013-05-09 12:55:32] corporate_contractsAdminTest::testSaveWithoutContent.INFO: PASSED [] []
[2013-05-09 12:55:32] corporate_contractsAdminTest::testSaveSuccessful.INFO: PASSED [] []
[2013-05-09 12:55:32] finishAdminTest::testInstantiation.INFO: PASSED [] []
[2013-05-09 12:55:32] finishAdminTest::testSaveWithoutTitle.INFO: PASSED [] []
[2013-05-09 12:55:32] finishAdminTest::testSaveSuccessful.INFO: PASSED [] []
[2013-05-09 12:55:32] GenericPagesAdminTest::testInstantiation.INFO: PASSED [] []
[2013-05-09 12:55:32] GenericPagesAdminTest::testSaveWithoutTitle.INFO: PASSED [] []
[2013-05-09 12:55:32] GenericPagesAdminTest::testSaveWithoutSub_title.INFO: PASSED [] []
[2013-05-09 12:55:32] GenericPagesAdminTest::testSaveWithoutContent.INFO: PASSED [] []
[2013-05-09 12:55:32] GenericPagesAdminTest::testSaveSuccessful.INFO: PASSED [] []
[2013-05-09 12:55:32] order_infoAdminTest::testInstantiation.INFO: PASSED [] []
[2013-05-09 12:55:32] order_infoAdminTest::testSaveWithoutReturns.INFO: PASSED [] []
[2013-05-09 12:55:32] order_infoAdminTest::testSaveWithoutDelivery.INFO: PASSED [] []
[2013-05-09 12:55:32] order_infoAdminTest::testSaveSuccessful.INFO: PASSED [] []
[2013-05-09 12:55:32] ordersAdminTest::testInstantiation.INFO: PASSED [] []
[2013-05-09 12:55:32] ordersAdminTest::testSaveWithoutCart_id.INFO: PASSED [] []
[2013-05-09 12:55:32] ordersAdminTest::testSaveWithoutProcessed.INFO: PASSED [] []
[2013-05-09 12:55:32] ordersAdminTest::testSaveSuccessful.ALERT: Failed asserting that false is true. [] []
[2013-05-09 12:55:32] ordersAdminTest::testSaveSuccessful.INFO: # FAILED # [] []
[2013-05-09 12:55:32] ordersAdminTest::testSaveSuccessful.INFO: PASSED [] []
[2013-05-09 12:55:32] productsAdminTest::testInstantiation.INFO: PASSED [] []
[2013-05-09 12:55:32] productsAdminTest::testSaveWithoutType.INFO: PASSED [] []
[2013-05-09 12:55:32] productsAdminTest::testSaveWithoutTitle.INFO: PASSED [] []
[2013-05-09 12:55:32] productsAdminTest::testSaveWithoutDescription.INFO: PASSED [] []
[2013-05-09 12:55:32] productsAdminTest::testSaveWithoutPrice.ALERT: Failed asserting that true is false. [] []
[2013-05-09 12:55:32] productsAdminTest::testSaveWithoutPrice.INFO: # FAILED # [] []
[2013-05-09 12:55:32] productsAdminTest::testSaveWithoutPrice.INFO: PASSED [] []
[2013-05-09 12:55:32] productsAdminTest::testSaveWithoutBrand.ALERT: Failed asserting that true is false. [] []
[2013-05-09 12:55:32] productsAdminTest::testSaveWithoutBrand.INFO: # FAILED # [] []
[2013-05-09 12:55:32] productsAdminTest::testSaveWithoutBrand.INFO: PASSED [] []
[2013-05-09 12:55:32] productsAdminTest::testSaveWithoutPrimary_colour.ALERT: Failed asserting that true is false. [] []
[2013-05-09 12:55:32] productsAdminTest::testSaveWithoutPrimary_colour.INFO: # FAILED # [] []
[2013-05-09 12:55:32] productsAdminTest::testSaveWithoutPrimary_colour.INFO: PASSED [] []
[2013-05-09 12:55:32] productsAdminTest::testSaveWithoutSecondary_colour.ALERT: Failed asserting that true is false. [] []
[2013-05-09 12:55:32] productsAdminTest::testSaveWithoutSecondary_colour.INFO: # FAILED # [] []
[2013-05-09 12:55:32] productsAdminTest::testSaveWithoutSecondary_colour.INFO: PASSED [] []
[2013-05-09 12:55:32] productsAdminTest::testSaveWithoutGallery.ALERT: Failed asserting that true is false. [] []
[2013-05-09 12:55:32] productsAdminTest::testSaveWithoutGallery.INFO: # FAILED # [] []
[2013-05-09 12:55:32] productsAdminTest::testSaveWithoutGallery.INFO: PASSED [] []
[2013-05-09 12:55:32] productsAdminTest::testSaveWithoutStyle.ALERT: Failed asserting that true is false. [] []
[2013-05-09 12:55:32] productsAdminTest::testSaveWithoutStyle.INFO: # FAILED # [] []
[2013-05-09 12:55:32] productsAdminTest::testSaveWithoutStyle.INFO: PASSED [] []
[2013-05-09 12:55:32] productsAdminTest::testSaveWithoutFinish.ALERT: Failed asserting that true is false. [] []
[2013-05-09 12:55:32] productsAdminTest::testSaveWithoutFinish.INFO: # FAILED # [] []
[2013-05-09 12:55:32] productsAdminTest::testSaveWithoutFinish.INFO: PASSED [] []
[2013-05-09 12:55:32] productsAdminTest::testSaveWithoutRoll_size.ALERT: Failed asserting that true is false. [] []
[2013-05-09 12:55:32] productsAdminTest::testSaveWithoutRoll_size.INFO: # FAILED # [] []
[2013-05-09 12:55:32] productsAdminTest::testSaveWithoutRoll_size.INFO: PASSED [] []
[2013-05-09 12:55:32] productsAdminTest::testSaveWithoutPattern_repeat.ALERT: Failed asserting that true is false. [] []
[2013-05-09 12:55:32] productsAdminTest::testSaveWithoutPattern_repeat.INFO: # FAILED # [] []
[2013-05-09 12:55:32] productsAdminTest::testSaveWithoutPattern_repeat.INFO: PASSED [] []
[2013-05-09 12:55:32] productsAdminTest::testSaveSuccessful.INFO: PASSED [] []
[2013-05-09 12:55:32] quotesAdminTest::testInstantiation.INFO: PASSED [] []
[2013-05-09 12:55:32] quotesAdminTest::testSaveWithoutTitle.INFO: PASSED [] []
[2013-05-09 12:55:32] quotesAdminTest::testSaveWithoutName.INFO: PASSED [] []
[2013-05-09 12:55:32] quotesAdminTest::testSaveWithoutPosition.INFO: PASSED [] []
[2013-05-09 12:55:32] quotesAdminTest::testSaveSuccessful.INFO: PASSED [] []
[2013-05-09 12:55:32] RouterTest::testInstantiation.INFO: PASSED [] []
[2013-05-09 12:55:32] RouterTest::testMap.INFO: PASSED [] []
[2013-05-09 12:55:32] RouterTest::testEmptyMap.INFO: PASSED [] []
[2013-05-09 12:55:32] RouterTest::testGetAdmin.INFO: PASSED [] []
[2013-05-09 12:55:32] RouterTest::testGet.INFO: PASSED [] []
[2013-05-09 12:55:32] styleAdminTest::testInstantiation.INFO: PASSED [] []
[2013-05-09 12:55:32] styleAdminTest::testSaveWithoutTitle.INFO: PASSED [] []
[2013-05-09 12:55:32] styleAdminTest::testSaveSuccessful.INFO: PASSED [] []
[2013-05-09 12:55:32] testimonialsAdminTest::testInstantiation.INFO: PASSED [] []
[2013-05-09 12:55:32] testimonialsAdminTest::testSaveWithoutContent.INFO: PASSED [] []
[2013-05-09 12:55:32] testimonialsAdminTest::testSaveWithoutTitle.INFO: PASSED [] []
[2013-05-09 12:55:32] testimonialsAdminTest::testSaveWithoutPosition.INFO: PASSED [] []
[2013-05-09 12:55:32] testimonialsAdminTest::testSaveSuccessful.INFO: PASSED [] []
[2013-05-09 18:29:48] TestContactCestCept.php.INFO: PASSED [] []
[2013-05-09 18:29:48] TestOrderCestCept.php.INFO: PASSED [] []
[2013-05-09 18:29:48] TestProductpagesCestCept.php.INFO: PASSED [] []
[2013-05-09 18:29:48] TestProductsCestCept.php.INFO: PASSED [] []
[2013-05-09 18:29:48] Codeception\TestCase\Cest::view.INFO: test method "products.view" [] []
[2013-05-09 18:29:48] Codeception\TestCase\Cest::view.INFO: have fake class "products" [] []
[2013-05-09 18:29:48] Codeception\TestCase\Cest::view.INFO: execute tested method on "products",1 [] []
[2013-05-09 18:29:48] Codeception\TestCase\Cest::view.INFO: i expect there to be a 404 error thrown  [] []
[2013-05-09 18:29:48] Codeception\TestCase\Cest::view.INFO: execute tested method on "products",0 [] []
[2013-05-09 18:29:48] Codeception\TestCase\Cest::view.INFO: PASSED [] []
[2013-05-09 18:29:48] ActiveRecordTest::testInstantian.INFO: PASSED [] []
[2013-05-09 18:29:48] ActiveRecordTest::testCreate.INFO: PASSED [] []
[2013-05-09 18:29:48] ActiveRecordTest::testValidation.INFO: PASSED [] []
[2013-05-09 18:29:48] ActiveRecordTest::testFind.INFO: PASSED [] []
[2013-05-09 18:29:48] ActiveRecordTest::testAll.ALERT: Failed asserting that false is true. [] []
[2013-05-09 18:29:48] ActiveRecordTest::testAll.INFO: # FAILED # [] []
[2013-05-09 18:29:48] ActiveRecordTest::testAll.INFO: PASSED [] []
[2013-05-09 18:29:48] ActiveRecordTest::testAssociations.INFO: PASSED [] []
[2013-05-09 18:29:48] ActiveRecordTest::testMissingFindQuery.INFO: PASSED [] []
[2013-05-09 18:29:48] ActiveRecordTest::testMissingGetQuery.ALERT: Failed asserting that a boolean is not empty. [] []
[2013-05-09 18:29:48] ActiveRecordTest::testMissingGetQuery.INFO: # FAILED # [] []
[2013-05-09 18:29:48] ActiveRecordTest::testMissingGetQuery.INFO: PASSED [] []
[2013-05-09 18:29:48] ActiveRecordTest::testMissingWhereWithoutLike.INFO: PASSED [] []
[2013-05-09 18:29:48] brandAdminTest::testInstantiation.INFO: PASSED [] []
[2013-05-09 18:29:48] brandAdminTest::testSaveWithoutTitle.INFO: PASSED [] []
[2013-05-09 18:29:48] brandAdminTest::testSaveSuccessful.INFO: PASSED [] []
[2013-05-09 18:29:48] colourAdminTest::testInstantiation.INFO: PASSED [] []
[2013-05-09 18:29:48] colourAdminTest::testSaveWithoutTitle.INFO: PASSED [] []
[2013-05-09 18:29:48] colourAdminTest::testSaveSuccessful.INFO: PASSED [] []
[2013-05-09 18:29:48] contact_infoAdminTest::testInstantiation.INFO: PASSED [] []
[2013-05-09 18:29:48] contact_infoAdminTest::testSaveWithoutAddress.INFO: PASSED [] []
[2013-05-09 18:29:48] contact_infoAdminTest::testSaveWithoutTelephone.INFO: PASSED [] []
[2013-05-09 18:29:48] contact_infoAdminTest::testSaveWithoutFax.INFO: PASSED [] []
[2013-05-09 18:29:48] contact_infoAdminTest::testSaveWithoutEmail.INFO: PASSED [] []
[2013-05-09 18:29:48] contact_infoAdminTest::testSaveSuccessful.INFO: PASSED [] []
[2013-05-09 18:29:48] corporate_contractsAdminTest::testInstantiation.INFO: PASSED [] []
[2013-05-09 18:29:48] corporate_contractsAdminTest::testSaveWithoutContent.INFO: PASSED [] []
[2013-05-09 18:29:49] corporate_contractsAdminTest::testSaveSuccessful.INFO: PASSED [] []
[2013-05-09 18:29:49] finishAdminTest::testInstantiation.INFO: PASSED [] []
[2013-05-09 18:29:49] finishAdminTest::testSaveWithoutTitle.INFO: PASSED [] []
[2013-05-09 18:29:49] finishAdminTest::testSaveSuccessful.INFO: PASSED [] []
[2013-05-09 18:29:49] GenericPagesAdminTest::testInstantiation.INFO: PASSED [] []
[2013-05-09 18:29:49] GenericPagesAdminTest::testSaveWithoutTitle.INFO: PASSED [] []
[2013-05-09 18:29:49] GenericPagesAdminTest::testSaveWithoutSub_title.INFO: PASSED [] []
[2013-05-09 18:29:49] GenericPagesAdminTest::testSaveWithoutContent.INFO: PASSED [] []
[2013-05-09 18:29:49] GenericPagesAdminTest::testSaveSuccessful.INFO: PASSED [] []
[2013-05-09 18:29:49] order_infoAdminTest::testInstantiation.INFO: PASSED [] []
[2013-05-09 18:29:49] order_infoAdminTest::testSaveWithoutReturns.INFO: PASSED [] []
[2013-05-09 18:29:49] order_infoAdminTest::testSaveWithoutDelivery.INFO: PASSED [] []
[2013-05-09 18:29:49] order_infoAdminTest::testSaveSuccessful.INFO: PASSED [] []
[2013-05-09 18:29:49] ordersAdminTest::testInstantiation.INFO: PASSED [] []
[2013-05-09 18:29:49] ordersAdminTest::testSaveWithoutCart_id.INFO: PASSED [] []
[2013-05-09 18:29:49] ordersAdminTest::testSaveWithoutProcessed.INFO: PASSED [] []
[2013-05-09 18:29:49] ordersAdminTest::testSaveSuccessful.ALERT: Failed asserting that false is true. [] []
[2013-05-09 18:29:49] ordersAdminTest::testSaveSuccessful.INFO: # FAILED # [] []
[2013-05-09 18:29:49] ordersAdminTest::testSaveSuccessful.INFO: PASSED [] []
[2013-05-09 18:29:49] productsAdminTest::testInstantiation.INFO: PASSED [] []
[2013-05-09 18:29:49] productsAdminTest::testSaveWithoutType.INFO: PASSED [] []
[2013-05-09 18:29:49] productsAdminTest::testSaveWithoutTitle.INFO: PASSED [] []
[2013-05-09 18:29:49] productsAdminTest::testSaveWithoutDescription.INFO: PASSED [] []
[2013-05-09 18:29:49] productsAdminTest::testSaveWithoutPrice.ALERT: Failed asserting that true is false. [] []
[2013-05-09 18:29:49] productsAdminTest::testSaveWithoutPrice.INFO: # FAILED # [] []
[2013-05-09 18:29:49] productsAdminTest::testSaveWithoutPrice.INFO: PASSED [] []
[2013-05-09 18:29:49] productsAdminTest::testSaveWithoutBrand.ALERT: Failed asserting that true is false. [] []
[2013-05-09 18:29:49] productsAdminTest::testSaveWithoutBrand.INFO: # FAILED # [] []
[2013-05-09 18:29:49] productsAdminTest::testSaveWithoutBrand.INFO: PASSED [] []
[2013-05-09 18:29:49] productsAdminTest::testSaveWithoutPrimary_colour.ALERT: Failed asserting that true is false. [] []
[2013-05-09 18:29:49] productsAdminTest::testSaveWithoutPrimary_colour.INFO: # FAILED # [] []
[2013-05-09 18:29:49] productsAdminTest::testSaveWithoutPrimary_colour.INFO: PASSED [] []
[2013-05-09 18:29:49] productsAdminTest::testSaveWithoutSecondary_colour.ALERT: Failed asserting that true is false. [] []
[2013-05-09 18:29:49] productsAdminTest::testSaveWithoutSecondary_colour.INFO: # FAILED # [] []
[2013-05-09 18:29:49] productsAdminTest::testSaveWithoutSecondary_colour.INFO: PASSED [] []
[2013-05-09 18:29:49] productsAdminTest::testSaveWithoutGallery.ALERT: Failed asserting that true is false. [] []
[2013-05-09 18:29:49] productsAdminTest::testSaveWithoutGallery.INFO: # FAILED # [] []
[2013-05-09 18:29:49] productsAdminTest::testSaveWithoutGallery.INFO: PASSED [] []
[2013-05-09 18:29:49] productsAdminTest::testSaveWithoutStyle.ALERT: Failed asserting that true is false. [] []
[2013-05-09 18:29:49] productsAdminTest::testSaveWithoutStyle.INFO: # FAILED # [] []
[2013-05-09 18:29:49] productsAdminTest::testSaveWithoutStyle.INFO: PASSED [] []
[2013-05-09 18:29:49] productsAdminTest::testSaveWithoutFinish.ALERT: Failed asserting that true is false. [] []
[2013-05-09 18:29:49] productsAdminTest::testSaveWithoutFinish.INFO: # FAILED # [] []
[2013-05-09 18:29:49] productsAdminTest::testSaveWithoutFinish.INFO: PASSED [] []
[2013-05-09 18:29:49] productsAdminTest::testSaveWithoutRoll_size.ALERT: Failed asserting that true is false. [] []
[2013-05-09 18:29:49] productsAdminTest::testSaveWithoutRoll_size.INFO: # FAILED # [] []
[2013-05-09 18:29:49] productsAdminTest::testSaveWithoutRoll_size.INFO: PASSED [] []
[2013-05-09 18:29:49] productsAdminTest::testSaveWithoutPattern_repeat.ALERT: Failed asserting that true is false. [] []
[2013-05-09 18:29:49] productsAdminTest::testSaveWithoutPattern_repeat.INFO: # FAILED # [] []
[2013-05-09 18:29:49] productsAdminTest::testSaveWithoutPattern_repeat.INFO: PASSED [] []
[2013-05-09 18:29:49] productsAdminTest::testSaveSuccessful.INFO: PASSED [] []
[2013-05-09 18:29:49] quotesAdminTest::testInstantiation.INFO: PASSED [] []
[2013-05-09 18:29:49] quotesAdminTest::testSaveWithoutTitle.INFO: PASSED [] []
[2013-05-09 18:29:49] quotesAdminTest::testSaveWithoutName.INFO: PASSED [] []
[2013-05-09 18:29:49] quotesAdminTest::testSaveWithoutPosition.INFO: PASSED [] []
[2013-05-09 18:29:49] quotesAdminTest::testSaveSuccessful.INFO: PASSED [] []
[2013-05-09 18:29:49] RouterTest::testInstantiation.INFO: PASSED [] []
[2013-05-09 18:29:49] RouterTest::testMap.INFO: PASSED [] []
[2013-05-09 18:29:49] RouterTest::testEmptyMap.INFO: PASSED [] []
[2013-05-09 18:29:49] RouterTest::testGetAdmin.INFO: PASSED [] []
[2013-05-09 18:29:49] RouterTest::testGet.INFO: PASSED [] []
[2013-05-09 18:29:49] styleAdminTest::testInstantiation.INFO: PASSED [] []
[2013-05-09 18:29:49] styleAdminTest::testSaveWithoutTitle.INFO: PASSED [] []
[2013-05-09 18:29:49] styleAdminTest::testSaveSuccessful.INFO: PASSED [] []
[2013-05-09 18:29:49] testimonialsAdminTest::testInstantiation.INFO: PASSED [] []
[2013-05-09 18:29:49] testimonialsAdminTest::testSaveWithoutContent.INFO: PASSED [] []
[2013-05-09 18:29:49] testimonialsAdminTest::testSaveWithoutTitle.INFO: PASSED [] []
[2013-05-09 18:29:49] testimonialsAdminTest::testSaveWithoutPosition.INFO: PASSED [] []
[2013-05-09 18:29:49] testimonialsAdminTest::testSaveSuccessful.INFO: PASSED [] []
[2013-05-09 18:30:08] TestContactCestCept.php.INFO: PASSED [] []
[2013-05-09 18:30:08] TestOrderCestCept.php.INFO: PASSED [] []
[2013-05-09 18:30:08] TestProductpagesCestCept.php.INFO: PASSED [] []
[2013-05-09 18:30:08] TestProductsCestCept.php.INFO: PASSED [] []
[2013-05-09 18:30:08] Codeception\TestCase\Cest::view.INFO: test method "products.view" [] []
[2013-05-09 18:30:08] Codeception\TestCase\Cest::view.INFO: have fake class "products" [] []
[2013-05-09 18:30:08] Codeception\TestCase\Cest::view.INFO: execute tested method on "products",1 [] []
[2013-05-09 18:30:08] Codeception\TestCase\Cest::view.INFO: i expect there to be a 404 error thrown  [] []
[2013-05-09 18:30:08] Codeception\TestCase\Cest::view.INFO: execute tested method on "products",0 [] []
[2013-05-09 18:30:08] Codeception\TestCase\Cest::view.INFO: PASSED [] []
[2013-05-09 18:30:08] ActiveRecordTest::testInstantian.INFO: PASSED [] []
[2013-05-09 18:30:08] ActiveRecordTest::testCreate.INFO: PASSED [] []
[2013-05-09 18:30:08] ActiveRecordTest::testValidation.INFO: PASSED [] []
[2013-05-09 18:30:08] ActiveRecordTest::testFind.INFO: PASSED [] []
[2013-05-09 18:30:08] ActiveRecordTest::testAll.ALERT: Failed asserting that false is true. [] []
[2013-05-09 18:30:08] ActiveRecordTest::testAll.INFO: # FAILED # [] []
[2013-05-09 18:30:08] ActiveRecordTest::testAll.INFO: PASSED [] []
[2013-05-09 18:30:08] ActiveRecordTest::testAssociations.INFO: PASSED [] []
[2013-05-09 18:30:08] ActiveRecordTest::testMissingFindQuery.INFO: PASSED [] []
[2013-05-09 18:30:09] ActiveRecordTest::testMissingGetQuery.ALERT: Failed asserting that a boolean is not empty. [] []
[2013-05-09 18:30:09] ActiveRecordTest::testMissingGetQuery.INFO: # FAILED # [] []
[2013-05-09 18:30:09] ActiveRecordTest::testMissingGetQuery.INFO: PASSED [] []
[2013-05-09 18:30:09] ActiveRecordTest::testMissingWhereWithoutLike.INFO: PASSED [] []
[2013-05-09 18:30:09] brandAdminTest::testInstantiation.INFO: PASSED [] []
[2013-05-09 18:30:09] brandAdminTest::testSaveWithoutTitle.INFO: PASSED [] []
[2013-05-09 18:30:09] brandAdminTest::testSaveSuccessful.INFO: PASSED [] []
[2013-05-09 18:30:09] colourAdminTest::testInstantiation.INFO: PASSED [] []
[2013-05-09 18:30:09] colourAdminTest::testSaveWithoutTitle.INFO: PASSED [] []
[2013-05-09 18:30:09] colourAdminTest::testSaveSuccessful.INFO: PASSED [] []
[2013-05-09 18:30:09] contact_infoAdminTest::testInstantiation.INFO: PASSED [] []
[2013-05-09 18:30:09] contact_infoAdminTest::testSaveWithoutAddress.INFO: PASSED [] []
[2013-05-09 18:30:09] contact_infoAdminTest::testSaveWithoutTelephone.INFO: PASSED [] []
[2013-05-09 18:30:09] contact_infoAdminTest::testSaveWithoutFax.INFO: PASSED [] []
[2013-05-09 18:30:09] contact_infoAdminTest::testSaveWithoutEmail.INFO: PASSED [] []
[2013-05-09 18:30:09] contact_infoAdminTest::testSaveSuccessful.INFO: PASSED [] []
[2013-05-09 18:30:09] corporate_contractsAdminTest::testInstantiation.INFO: PASSED [] []
[2013-05-09 18:30:09] corporate_contractsAdminTest::testSaveWithoutContent.INFO: PASSED [] []
[2013-05-09 18:30:09] corporate_contractsAdminTest::testSaveSuccessful.INFO: PASSED [] []
[2013-05-09 18:30:09] finishAdminTest::testInstantiation.INFO: PASSED [] []
[2013-05-09 18:30:09] finishAdminTest::testSaveWithoutTitle.INFO: PASSED [] []
[2013-05-09 18:30:09] finishAdminTest::testSaveSuccessful.INFO: PASSED [] []
[2013-05-09 18:30:09] GenericPagesAdminTest::testInstantiation.INFO: PASSED [] []
[2013-05-09 18:30:09] GenericPagesAdminTest::testSaveWithoutTitle.INFO: PASSED [] []
[2013-05-09 18:30:09] GenericPagesAdminTest::testSaveWithoutSub_title.INFO: PASSED [] []
[2013-05-09 18:30:09] GenericPagesAdminTest::testSaveWithoutContent.INFO: PASSED [] []
[2013-05-09 18:30:09] GenericPagesAdminTest::testSaveSuccessful.INFO: PASSED [] []
[2013-05-09 18:30:09] order_infoAdminTest::testInstantiation.INFO: PASSED [] []
[2013-05-09 18:30:09] order_infoAdminTest::testSaveWithoutReturns.INFO: PASSED [] []
[2013-05-09 18:30:09] order_infoAdminTest::testSaveWithoutDelivery.INFO: PASSED [] []
[2013-05-09 18:30:09] order_infoAdminTest::testSaveSuccessful.INFO: PASSED [] []
[2013-05-09 18:30:09] ordersAdminTest::testInstantiation.INFO: PASSED [] []
[2013-05-09 18:30:09] ordersAdminTest::testSaveWithoutCart_id.INFO: PASSED [] []
[2013-05-09 18:30:09] ordersAdminTest::testSaveWithoutProcessed.INFO: PASSED [] []
[2013-05-09 18:30:09] ordersAdminTest::testSaveSuccessful.ALERT: Failed asserting that false is true. [] []
[2013-05-09 18:30:09] ordersAdminTest::testSaveSuccessful.INFO: # FAILED # [] []
[2013-05-09 18:30:09] ordersAdminTest::testSaveSuccessful.INFO: PASSED [] []
[2013-05-09 18:30:09] productsAdminTest::testInstantiation.INFO: PASSED [] []
[2013-05-09 18:30:09] productsAdminTest::testSaveWithoutType.INFO: PASSED [] []
[2013-05-09 18:30:09] productsAdminTest::testSaveWithoutTitle.INFO: PASSED [] []
[2013-05-09 18:30:09] productsAdminTest::testSaveWithoutDescription.INFO: PASSED [] []
[2013-05-09 18:30:09] productsAdminTest::testSaveWithoutPrice.ALERT: Failed asserting that true is false. [] []
[2013-05-09 18:30:09] productsAdminTest::testSaveWithoutPrice.INFO: # FAILED # [] []
[2013-05-09 18:30:09] productsAdminTest::testSaveWithoutPrice.INFO: PASSED [] []
[2013-05-09 18:30:09] productsAdminTest::testSaveWithoutBrand.ALERT: Failed asserting that true is false. [] []
[2013-05-09 18:30:09] productsAdminTest::testSaveWithoutBrand.INFO: # FAILED # [] []
[2013-05-09 18:30:09] productsAdminTest::testSaveWithoutBrand.INFO: PASSED [] []
[2013-05-09 18:30:09] productsAdminTest::testSaveWithoutPrimary_colour.ALERT: Failed asserting that true is false. [] []
[2013-05-09 18:30:09] productsAdminTest::testSaveWithoutPrimary_colour.INFO: # FAILED # [] []
[2013-05-09 18:30:09] productsAdminTest::testSaveWithoutPrimary_colour.INFO: PASSED [] []
[2013-05-09 18:30:09] productsAdminTest::testSaveWithoutSecondary_colour.ALERT: Failed asserting that true is false. [] []
[2013-05-09 18:30:09] productsAdminTest::testSaveWithoutSecondary_colour.INFO: # FAILED # [] []
[2013-05-09 18:30:09] productsAdminTest::testSaveWithoutSecondary_colour.INFO: PASSED [] []
[2013-05-09 18:30:09] productsAdminTest::testSaveWithoutGallery.ALERT: Failed asserting that true is false. [] []
[2013-05-09 18:30:09] productsAdminTest::testSaveWithoutGallery.INFO: # FAILED # [] []
[2013-05-09 18:30:09] productsAdminTest::testSaveWithoutGallery.INFO: PASSED [] []
[2013-05-09 18:30:09] productsAdminTest::testSaveWithoutStyle.ALERT: Failed asserting that true is false. [] []
[2013-05-09 18:30:09] productsAdminTest::testSaveWithoutStyle.INFO: # FAILED # [] []
[2013-05-09 18:30:09] productsAdminTest::testSaveWithoutStyle.INFO: PASSED [] []
[2013-05-09 18:30:09] productsAdminTest::testSaveWithoutFinish.ALERT: Failed asserting that true is false. [] []
[2013-05-09 18:30:09] productsAdminTest::testSaveWithoutFinish.INFO: # FAILED # [] []
[2013-05-09 18:30:09] productsAdminTest::testSaveWithoutFinish.INFO: PASSED [] []
[2013-05-09 18:30:09] productsAdminTest::testSaveWithoutRoll_size.ALERT: Failed asserting that true is false. [] []
[2013-05-09 18:30:09] productsAdminTest::testSaveWithoutRoll_size.INFO: # FAILED # [] []
[2013-05-09 18:30:09] productsAdminTest::testSaveWithoutRoll_size.INFO: PASSED [] []
[2013-05-09 18:30:09] productsAdminTest::testSaveWithoutPattern_repeat.ALERT: Failed asserting that true is false. [] []
[2013-05-09 18:30:09] productsAdminTest::testSaveWithoutPattern_repeat.INFO: # FAILED # [] []
[2013-05-09 18:30:09] productsAdminTest::testSaveWithoutPattern_repeat.INFO: PASSED [] []
[2013-05-09 18:30:09] productsAdminTest::testSaveSuccessful.INFO: PASSED [] []
[2013-05-09 18:30:09] quotesAdminTest::testInstantiation.INFO: PASSED [] []
[2013-05-09 18:30:09] quotesAdminTest::testSaveWithoutTitle.INFO: PASSED [] []
[2013-05-09 18:30:09] quotesAdminTest::testSaveWithoutName.INFO: PASSED [] []
[2013-05-09 18:30:09] quotesAdminTest::testSaveWithoutPosition.INFO: PASSED [] []
[2013-05-09 18:30:09] quotesAdminTest::testSaveSuccessful.INFO: PASSED [] []
[2013-05-09 18:30:09] RouterTest::testInstantiation.INFO: PASSED [] []
[2013-05-09 18:30:09] RouterTest::testMap.INFO: PASSED [] []
[2013-05-09 18:30:09] RouterTest::testEmptyMap.INFO: PASSED [] []
[2013-05-09 18:30:10] RouterTest::testGetAdmin.INFO: PASSED [] []
[2013-05-09 18:30:10] RouterTest::testGet.INFO: PASSED [] []
[2013-05-09 18:30:10] styleAdminTest::testInstantiation.INFO: PASSED [] []
[2013-05-09 18:30:10] styleAdminTest::testSaveWithoutTitle.INFO: PASSED [] []
[2013-05-09 18:30:10] styleAdminTest::testSaveSuccessful.INFO: PASSED [] []
[2013-05-09 18:30:10] testimonialsAdminTest::testInstantiation.INFO: PASSED [] []
[2013-05-09 18:30:10] testimonialsAdminTest::testSaveWithoutContent.INFO: PASSED [] []
[2013-05-09 18:30:10] testimonialsAdminTest::testSaveWithoutTitle.INFO: PASSED [] []
[2013-05-09 18:30:10] testimonialsAdminTest::testSaveWithoutPosition.INFO: PASSED [] []
[2013-05-09 18:30:10] testimonialsAdminTest::testSaveSuccessful.INFO: PASSED [] []
[2013-05-09 18:30:12] TestContactCestCept.php.INFO: PASSED [] []
[2013-05-09 18:30:12] TestOrderCestCept.php.INFO: PASSED [] []
[2013-05-09 18:30:12] TestProductpagesCestCept.php.INFO: PASSED [] []
[2013-05-09 18:30:12] TestProductsCestCept.php.INFO: PASSED [] []
[2013-05-09 18:30:12] Codeception\TestCase\Cest::view.INFO: test method "products.view" [] []
[2013-05-09 18:30:12] Codeception\TestCase\Cest::view.INFO: have fake class "products" [] []
[2013-05-09 18:30:12] Codeception\TestCase\Cest::view.INFO: execute tested method on "products",1 [] []
[2013-05-09 18:30:12] Codeception\TestCase\Cest::view.INFO: i expect there to be a 404 error thrown  [] []
[2013-05-09 18:30:12] Codeception\TestCase\Cest::view.INFO: execute tested method on "products",0 [] []
[2013-05-09 18:30:12] Codeception\TestCase\Cest::view.INFO: PASSED [] []
[2013-05-09 18:30:12] ActiveRecordTest::testInstantian.INFO: PASSED [] []
[2013-05-09 18:30:12] ActiveRecordTest::testCreate.INFO: PASSED [] []
[2013-05-09 18:30:12] ActiveRecordTest::testValidation.INFO: PASSED [] []
[2013-05-09 18:30:12] ActiveRecordTest::testFind.INFO: PASSED [] []
[2013-05-09 18:30:12] ActiveRecordTest::testAll.ALERT: Failed asserting that false is true. [] []
[2013-05-09 18:30:12] ActiveRecordTest::testAll.INFO: # FAILED # [] []
[2013-05-09 18:30:12] ActiveRecordTest::testAll.INFO: PASSED [] []
[2013-05-09 18:30:12] ActiveRecordTest::testAssociations.INFO: PASSED [] []
[2013-05-09 18:30:12] ActiveRecordTest::testMissingFindQuery.INFO: PASSED [] []
[2013-05-09 18:30:12] ActiveRecordTest::testMissingGetQuery.ALERT: Failed asserting that a boolean is not empty. [] []
[2013-05-09 18:30:12] ActiveRecordTest::testMissingGetQuery.INFO: # FAILED # [] []
[2013-05-09 18:30:12] ActiveRecordTest::testMissingGetQuery.INFO: PASSED [] []
[2013-05-09 18:30:12] ActiveRecordTest::testMissingWhereWithoutLike.INFO: PASSED [] []
[2013-05-09 18:30:12] brandAdminTest::testInstantiation.INFO: PASSED [] []
[2013-05-09 18:30:12] brandAdminTest::testSaveWithoutTitle.INFO: PASSED [] []
[2013-05-09 18:30:12] brandAdminTest::testSaveSuccessful.INFO: PASSED [] []
[2013-05-09 18:30:12] colourAdminTest::testInstantiation.INFO: PASSED [] []
[2013-05-09 18:30:12] colourAdminTest::testSaveWithoutTitle.INFO: PASSED [] []
[2013-05-09 18:30:12] colourAdminTest::testSaveSuccessful.INFO: PASSED [] []
[2013-05-09 18:30:12] contact_infoAdminTest::testInstantiation.INFO: PASSED [] []
[2013-05-09 18:30:12] contact_infoAdminTest::testSaveWithoutAddress.INFO: PASSED [] []
[2013-05-09 18:30:12] contact_infoAdminTest::testSaveWithoutTelephone.INFO: PASSED [] []
[2013-05-09 18:30:12] contact_infoAdminTest::testSaveWithoutFax.INFO: PASSED [] []
[2013-05-09 18:30:12] contact_infoAdminTest::testSaveWithoutEmail.INFO: PASSED [] []
[2013-05-09 18:30:12] contact_infoAdminTest::testSaveSuccessful.INFO: PASSED [] []
[2013-05-09 18:30:12] corporate_contractsAdminTest::testInstantiation.INFO: PASSED [] []
[2013-05-09 18:30:12] corporate_contractsAdminTest::testSaveWithoutContent.INFO: PASSED [] []
[2013-05-09 18:30:12] corporate_contractsAdminTest::testSaveSuccessful.INFO: PASSED [] []
[2013-05-09 18:30:13] finishAdminTest::testInstantiation.INFO: PASSED [] []
[2013-05-09 18:30:13] finishAdminTest::testSaveWithoutTitle.INFO: PASSED [] []
[2013-05-09 18:30:13] finishAdminTest::testSaveSuccessful.INFO: PASSED [] []
[2013-05-09 18:30:13] GenericPagesAdminTest::testInstantiation.INFO: PASSED [] []
[2013-05-09 18:30:13] GenericPagesAdminTest::testSaveWithoutTitle.INFO: PASSED [] []
[2013-05-09 18:30:13] GenericPagesAdminTest::testSaveWithoutSub_title.INFO: PASSED [] []
[2013-05-09 18:30:13] GenericPagesAdminTest::testSaveWithoutContent.INFO: PASSED [] []
[2013-05-09 18:30:13] GenericPagesAdminTest::testSaveSuccessful.INFO: PASSED [] []
[2013-05-09 18:30:13] order_infoAdminTest::testInstantiation.INFO: PASSED [] []
[2013-05-09 18:30:13] order_infoAdminTest::testSaveWithoutReturns.INFO: PASSED [] []
[2013-05-09 18:30:13] order_infoAdminTest::testSaveWithoutDelivery.INFO: PASSED [] []
[2013-05-09 18:30:13] order_infoAdminTest::testSaveSuccessful.INFO: PASSED [] []
[2013-05-09 18:30:13] ordersAdminTest::testInstantiation.INFO: PASSED [] []
[2013-05-09 18:30:13] ordersAdminTest::testSaveWithoutCart_id.INFO: PASSED [] []
[2013-05-09 18:30:13] ordersAdminTest::testSaveWithoutProcessed.INFO: PASSED [] []
[2013-05-09 18:30:13] ordersAdminTest::testSaveSuccessful.ALERT: Failed asserting that false is true. [] []
[2013-05-09 18:30:13] ordersAdminTest::testSaveSuccessful.INFO: # FAILED # [] []
[2013-05-09 18:30:13] ordersAdminTest::testSaveSuccessful.INFO: PASSED [] []
[2013-05-09 18:30:13] productsAdminTest::testInstantiation.INFO: PASSED [] []
[2013-05-09 18:30:13] productsAdminTest::testSaveWithoutType.INFO: PASSED [] []
[2013-05-09 18:30:13] productsAdminTest::testSaveWithoutTitle.INFO: PASSED [] []
[2013-05-09 18:30:13] productsAdminTest::testSaveWithoutDescription.INFO: PASSED [] []
[2013-05-09 18:30:13] productsAdminTest::testSaveWithoutPrice.ALERT: Failed asserting that true is false. [] []
[2013-05-09 18:30:13] productsAdminTest::testSaveWithoutPrice.INFO: # FAILED # [] []
[2013-05-09 18:30:13] productsAdminTest::testSaveWithoutPrice.INFO: PASSED [] []
[2013-05-09 18:30:13] productsAdminTest::testSaveWithoutBrand.ALERT: Failed asserting that true is false. [] []
[2013-05-09 18:30:13] productsAdminTest::testSaveWithoutBrand.INFO: # FAILED # [] []
[2013-05-09 18:30:13] productsAdminTest::testSaveWithoutBrand.INFO: PASSED [] []
[2013-05-09 18:30:13] productsAdminTest::testSaveWithoutPrimary_colour.ALERT: Failed asserting that true is false. [] []
[2013-05-09 18:30:13] productsAdminTest::testSaveWithoutPrimary_colour.INFO: # FAILED # [] []
[2013-05-09 18:30:13] productsAdminTest::testSaveWithoutPrimary_colour.INFO: PASSED [] []
[2013-05-09 18:30:13] productsAdminTest::testSaveWithoutSecondary_colour.ALERT: Failed asserting that true is false. [] []
[2013-05-09 18:30:13] productsAdminTest::testSaveWithoutSecondary_colour.INFO: # FAILED # [] []
[2013-05-09 18:30:13] productsAdminTest::testSaveWithoutSecondary_colour.INFO: PASSED [] []
[2013-05-09 18:30:13] productsAdminTest::testSaveWithoutGallery.ALERT: Failed asserting that true is false. [] []
[2013-05-09 18:30:13] productsAdminTest::testSaveWithoutGallery.INFO: # FAILED # [] []
[2013-05-09 18:30:13] productsAdminTest::testSaveWithoutGallery.INFO: PASSED [] []
[2013-05-09 18:30:13] productsAdminTest::testSaveWithoutStyle.ALERT: Failed asserting that true is false. [] []
[2013-05-09 18:30:13] productsAdminTest::testSaveWithoutStyle.INFO: # FAILED # [] []
[2013-05-09 18:30:13] productsAdminTest::testSaveWithoutStyle.INFO: PASSED [] []
[2013-05-09 18:30:13] productsAdminTest::testSaveWithoutFinish.ALERT: Failed asserting that true is false. [] []
[2013-05-09 18:30:13] productsAdminTest::testSaveWithoutFinish.INFO: # FAILED # [] []
[2013-05-09 18:30:13] productsAdminTest::testSaveWithoutFinish.INFO: PASSED [] []
[2013-05-09 18:30:13] productsAdminTest::testSaveWithoutRoll_size.ALERT: Failed asserting that true is false. [] []
[2013-05-09 18:30:13] productsAdminTest::testSaveWithoutRoll_size.INFO: # FAILED # [] []
[2013-05-09 18:30:13] productsAdminTest::testSaveWithoutRoll_size.INFO: PASSED [] []
[2013-05-09 18:30:13] productsAdminTest::testSaveWithoutPattern_repeat.ALERT: Failed asserting that true is false. [] []
[2013-05-09 18:30:13] productsAdminTest::testSaveWithoutPattern_repeat.INFO: # FAILED # [] []
[2013-05-09 18:30:13] productsAdminTest::testSaveWithoutPattern_repeat.INFO: PASSED [] []
[2013-05-09 18:30:13] productsAdminTest::testSaveSuccessful.INFO: PASSED [] []
[2013-05-09 18:30:13] quotesAdminTest::testInstantiation.INFO: PASSED [] []
[2013-05-09 18:30:13] quotesAdminTest::testSaveWithoutTitle.INFO: PASSED [] []
[2013-05-09 18:30:13] quotesAdminTest::testSaveWithoutName.INFO: PASSED [] []
[2013-05-09 18:30:13] quotesAdminTest::testSaveWithoutPosition.INFO: PASSED [] []
[2013-05-09 18:30:13] quotesAdminTest::testSaveSuccessful.INFO: PASSED [] []
[2013-05-09 18:30:13] RouterTest::testInstantiation.INFO: PASSED [] []
[2013-05-09 18:30:13] RouterTest::testMap.INFO: PASSED [] []
[2013-05-09 18:30:13] RouterTest::testEmptyMap.INFO: PASSED [] []
[2013-05-09 18:30:13] RouterTest::testGetAdmin.INFO: PASSED [] []
[2013-05-09 18:30:13] RouterTest::testGet.INFO: PASSED [] []
[2013-05-09 18:30:13] styleAdminTest::testInstantiation.INFO: PASSED [] []
[2013-05-09 18:30:13] styleAdminTest::testSaveWithoutTitle.INFO: PASSED [] []
[2013-05-09 18:30:13] styleAdminTest::testSaveSuccessful.INFO: PASSED [] []
[2013-05-09 18:30:13] testimonialsAdminTest::testInstantiation.INFO: PASSED [] []
[2013-05-09 18:30:13] testimonialsAdminTest::testSaveWithoutContent.INFO: PASSED [] []
[2013-05-09 18:30:13] testimonialsAdminTest::testSaveWithoutTitle.INFO: PASSED [] []
[2013-05-09 18:30:13] testimonialsAdminTest::testSaveWithoutPosition.INFO: PASSED [] []
[2013-05-09 18:30:13] testimonialsAdminTest::testSaveSuccessful.INFO: PASSED [] []
[2013-05-09 18:43:13] TestContactCestCept.php.INFO: PASSED [] []
[2013-05-09 18:43:13] TestOrderCestCept.php.INFO: PASSED [] []
[2013-05-09 18:43:13] TestProductpagesCestCept.php.INFO: PASSED [] []
[2013-05-09 18:43:13] TestProductsCestCept.php.INFO: PASSED [] []
[2013-05-09 18:43:13] Codeception\TestCase\Cest::view.INFO: test method "products.view" [] []
[2013-05-09 18:43:13] Codeception\TestCase\Cest::view.INFO: have fake class "products" [] []
[2013-05-09 18:43:13] Codeception\TestCase\Cest::view.INFO: execute tested method on "products",1 [] []
[2013-05-09 18:43:13] Codeception\TestCase\Cest::view.INFO: i expect there to be a 404 error thrown  [] []
[2013-05-09 18:43:13] Codeception\TestCase\Cest::view.INFO: execute tested method on "products",0 [] []
[2013-05-09 18:43:13] Codeception\TestCase\Cest::view.INFO: PASSED [] []
[2013-05-09 18:43:13] ActiveRecordTest::testInstantian.INFO: PASSED [] []
[2013-05-09 18:43:13] ActiveRecordTest::testCreate.INFO: PASSED [] []
[2013-05-09 18:43:13] ActiveRecordTest::testValidation.INFO: PASSED [] []
[2013-05-09 18:43:13] ActiveRecordTest::testFind.INFO: PASSED [] []
[2013-05-09 18:43:13] ActiveRecordTest::testAll.ALERT: Failed asserting that false is true. [] []
[2013-05-09 18:43:13] ActiveRecordTest::testAll.INFO: # FAILED # [] []
[2013-05-09 18:43:13] ActiveRecordTest::testAll.INFO: PASSED [] []
[2013-05-09 18:43:13] ActiveRecordTest::testAssociations.INFO: PASSED [] []
[2013-05-09 18:43:13] ActiveRecordTest::testMissingFindQuery.INFO: PASSED [] []
[2013-05-09 18:43:14] ActiveRecordTest::testMissingGetQuery.ALERT: Failed asserting that a boolean is not empty. [] []
[2013-05-09 18:43:14] ActiveRecordTest::testMissingGetQuery.INFO: # FAILED # [] []
[2013-05-09 18:43:14] ActiveRecordTest::testMissingGetQuery.INFO: PASSED [] []
[2013-05-09 18:43:14] ActiveRecordTest::testMissingWhereWithoutLike.INFO: PASSED [] []
[2013-05-09 18:43:14] brandAdminTest::testInstantiation.INFO: PASSED [] []
[2013-05-09 18:43:14] brandAdminTest::testSaveWithoutTitle.INFO: PASSED [] []
[2013-05-09 18:43:14] brandAdminTest::testSaveSuccessful.INFO: PASSED [] []
[2013-05-09 18:43:14] colourAdminTest::testInstantiation.INFO: PASSED [] []
[2013-05-09 18:43:14] colourAdminTest::testSaveWithoutTitle.INFO: PASSED [] []
[2013-05-09 18:43:14] colourAdminTest::testSaveSuccessful.INFO: PASSED [] []
[2013-05-09 18:43:14] contact_infoAdminTest::testInstantiation.INFO: PASSED [] []
[2013-05-09 18:43:14] contact_infoAdminTest::testSaveWithoutAddress.INFO: PASSED [] []
[2013-05-09 18:43:14] contact_infoAdminTest::testSaveWithoutTelephone.INFO: PASSED [] []
[2013-05-09 18:43:14] contact_infoAdminTest::testSaveWithoutFax.INFO: PASSED [] []
[2013-05-09 18:43:14] contact_infoAdminTest::testSaveWithoutEmail.INFO: PASSED [] []
[2013-05-09 18:43:14] contact_infoAdminTest::testSaveSuccessful.INFO: PASSED [] []
[2013-05-09 18:43:14] corporate_contractsAdminTest::testInstantiation.INFO: PASSED [] []
[2013-05-09 18:43:14] corporate_contractsAdminTest::testSaveWithoutContent.INFO: PASSED [] []
[2013-05-09 18:43:14] corporate_contractsAdminTest::testSaveSuccessful.INFO: PASSED [] []
[2013-05-09 18:43:14] finishAdminTest::testInstantiation.INFO: PASSED [] []
[2013-05-09 18:43:14] finishAdminTest::testSaveWithoutTitle.INFO: PASSED [] []
[2013-05-09 18:43:14] finishAdminTest::testSaveSuccessful.INFO: PASSED [] []
[2013-05-09 18:43:14] GenericPagesAdminTest::testInstantiation.INFO: PASSED [] []
[2013-05-09 18:43:14] GenericPagesAdminTest::testSaveWithoutTitle.INFO: PASSED [] []
[2013-05-09 18:43:14] GenericPagesAdminTest::testSaveWithoutSub_title.INFO: PASSED [] []
[2013-05-09 18:43:14] GenericPagesAdminTest::testSaveWithoutContent.INFO: PASSED [] []
[2013-05-09 18:43:14] GenericPagesAdminTest::testSaveSuccessful.INFO: PASSED [] []
[2013-05-09 18:43:14] order_infoAdminTest::testInstantiation.INFO: PASSED [] []
[2013-05-09 18:43:14] order_infoAdminTest::testSaveWithoutReturns.INFO: PASSED [] []
[2013-05-09 18:43:14] order_infoAdminTest::testSaveWithoutDelivery.INFO: PASSED [] []
[2013-05-09 18:43:14] order_infoAdminTest::testSaveSuccessful.INFO: PASSED [] []
[2013-05-09 18:43:14] ordersAdminTest::testInstantiation.INFO: PASSED [] []
[2013-05-09 18:43:14] ordersAdminTest::testSaveWithoutCart_id.INFO: PASSED [] []
[2013-05-09 18:43:14] ordersAdminTest::testSaveWithoutProcessed.INFO: PASSED [] []
[2013-05-09 18:43:14] ordersAdminTest::testSaveSuccessful.ALERT: Failed asserting that false is true. [] []
[2013-05-09 18:43:14] ordersAdminTest::testSaveSuccessful.INFO: # FAILED # [] []
[2013-05-09 18:43:14] ordersAdminTest::testSaveSuccessful.INFO: PASSED [] []
[2013-05-09 18:43:14] productsAdminTest::testInstantiation.INFO: PASSED [] []
[2013-05-09 18:43:14] productsAdminTest::testSaveWithoutType.INFO: PASSED [] []
[2013-05-09 18:43:14] productsAdminTest::testSaveWithoutTitle.INFO: PASSED [] []
[2013-05-09 18:43:14] productsAdminTest::testSaveWithoutDescription.INFO: PASSED [] []
[2013-05-09 18:43:14] productsAdminTest::testSaveWithoutPrice.ALERT: Failed asserting that true is false. [] []
[2013-05-09 18:43:14] productsAdminTest::testSaveWithoutPrice.INFO: # FAILED # [] []
[2013-05-09 18:43:14] productsAdminTest::testSaveWithoutPrice.INFO: PASSED [] []
[2013-05-09 18:43:14] productsAdminTest::testSaveWithoutBrand.ALERT: Failed asserting that true is false. [] []
[2013-05-09 18:43:14] productsAdminTest::testSaveWithoutBrand.INFO: # FAILED # [] []
[2013-05-09 18:43:14] productsAdminTest::testSaveWithoutBrand.INFO: PASSED [] []
[2013-05-09 18:43:14] productsAdminTest::testSaveWithoutPrimary_colour.ALERT: Failed asserting that true is false. [] []
[2013-05-09 18:43:14] productsAdminTest::testSaveWithoutPrimary_colour.INFO: # FAILED # [] []
[2013-05-09 18:43:14] productsAdminTest::testSaveWithoutPrimary_colour.INFO: PASSED [] []
[2013-05-09 18:43:14] productsAdminTest::testSaveWithoutSecondary_colour.ALERT: Failed asserting that true is false. [] []
[2013-05-09 18:43:14] productsAdminTest::testSaveWithoutSecondary_colour.INFO: # FAILED # [] []
[2013-05-09 18:43:14] productsAdminTest::testSaveWithoutSecondary_colour.INFO: PASSED [] []
[2013-05-09 18:43:14] productsAdminTest::testSaveWithoutGallery.ALERT: Failed asserting that true is false. [] []
[2013-05-09 18:43:14] productsAdminTest::testSaveWithoutGallery.INFO: # FAILED # [] []
[2013-05-09 18:43:14] productsAdminTest::testSaveWithoutGallery.INFO: PASSED [] []
[2013-05-09 18:43:14] productsAdminTest::testSaveWithoutStyle.ALERT: Failed asserting that true is false. [] []
[2013-05-09 18:43:14] productsAdminTest::testSaveWithoutStyle.INFO: # FAILED # [] []
[2013-05-09 18:43:14] productsAdminTest::testSaveWithoutStyle.INFO: PASSED [] []
[2013-05-09 18:43:14] productsAdminTest::testSaveWithoutFinish.ALERT: Failed asserting that true is false. [] []
[2013-05-09 18:43:14] productsAdminTest::testSaveWithoutFinish.INFO: # FAILED # [] []
[2013-05-09 18:43:14] productsAdminTest::testSaveWithoutFinish.INFO: PASSED [] []
[2013-05-09 18:43:14] productsAdminTest::testSaveWithoutRoll_size.ALERT: Failed asserting that true is false. [] []
[2013-05-09 18:43:14] productsAdminTest::testSaveWithoutRoll_size.INFO: # FAILED # [] []
[2013-05-09 18:43:14] productsAdminTest::testSaveWithoutRoll_size.INFO: PASSED [] []
[2013-05-09 18:43:14] productsAdminTest::testSaveWithoutPattern_repeat.ALERT: Failed asserting that true is false. [] []
[2013-05-09 18:43:14] productsAdminTest::testSaveWithoutPattern_repeat.INFO: # FAILED # [] []
[2013-05-09 18:43:14] productsAdminTest::testSaveWithoutPattern_repeat.INFO: PASSED [] []
[2013-05-09 18:43:14] productsAdminTest::testSaveSuccessful.INFO: PASSED [] []
[2013-05-09 18:43:14] quotesAdminTest::testInstantiation.INFO: PASSED [] []
[2013-05-09 18:43:14] quotesAdminTest::testSaveWithoutTitle.INFO: PASSED [] []
[2013-05-09 18:43:14] quotesAdminTest::testSaveWithoutName.INFO: PASSED [] []
[2013-05-09 18:43:14] quotesAdminTest::testSaveWithoutPosition.INFO: PASSED [] []
[2013-05-09 18:43:14] quotesAdminTest::testSaveSuccessful.INFO: PASSED [] []
[2013-05-09 18:43:14] RouterTest::testInstantiation.INFO: PASSED [] []
[2013-05-09 18:43:14] RouterTest::testMap.INFO: PASSED [] []
[2013-05-09 18:43:14] RouterTest::testEmptyMap.INFO: PASSED [] []
[2013-05-09 18:43:14] RouterTest::testGetAdmin.INFO: PASSED [] []
[2013-05-09 18:43:14] RouterTest::testGet.INFO: PASSED [] []
[2013-05-09 18:43:14] styleAdminTest::testInstantiation.INFO: PASSED [] []
[2013-05-09 18:43:14] styleAdminTest::testSaveWithoutTitle.INFO: PASSED [] []
[2013-05-09 18:43:14] styleAdminTest::testSaveSuccessful.INFO: PASSED [] []
[2013-05-09 18:43:14] testimonialsAdminTest::testInstantiation.INFO: PASSED [] []
[2013-05-09 18:43:14] testimonialsAdminTest::testSaveWithoutContent.INFO: PASSED [] []
[2013-05-09 18:43:14] testimonialsAdminTest::testSaveWithoutTitle.INFO: PASSED [] []
[2013-05-09 18:43:14] testimonialsAdminTest::testSaveWithoutPosition.INFO: PASSED [] []
[2013-05-09 18:43:14] testimonialsAdminTest::testSaveSuccessful.INFO: PASSED [] []
[2013-05-09 18:43:17] TestContactCestCept.php.INFO: PASSED [] []
[2013-05-09 18:43:17] TestOrderCestCept.php.INFO: PASSED [] []
[2013-05-09 18:43:17] TestProductpagesCestCept.php.INFO: PASSED [] []
[2013-05-09 18:43:17] TestProductsCestCept.php.INFO: PASSED [] []
[2013-05-09 18:43:17] Codeception\TestCase\Cest::view.INFO: test method "products.view" [] []
[2013-05-09 18:43:17] Codeception\TestCase\Cest::view.INFO: have fake class "products" [] []
[2013-05-09 18:43:17] Codeception\TestCase\Cest::view.INFO: execute tested method on "products",1 [] []
[2013-05-09 18:43:17] Codeception\TestCase\Cest::view.INFO: i expect there to be a 404 error thrown  [] []
[2013-05-09 18:43:17] Codeception\TestCase\Cest::view.INFO: execute tested method on "products",0 [] []
[2013-05-09 18:43:17] Codeception\TestCase\Cest::view.INFO: PASSED [] []
[2013-05-09 18:43:17] ActiveRecordTest::testInstantian.INFO: PASSED [] []
[2013-05-09 18:43:17] ActiveRecordTest::testCreate.INFO: PASSED [] []
[2013-05-09 18:43:17] ActiveRecordTest::testValidation.INFO: PASSED [] []
[2013-05-09 18:43:17] ActiveRecordTest::testFind.INFO: PASSED [] []
[2013-05-09 18:43:17] ActiveRecordTest::testAll.ALERT: Failed asserting that false is true. [] []
[2013-05-09 18:43:17] ActiveRecordTest::testAll.INFO: # FAILED # [] []
[2013-05-09 18:43:17] ActiveRecordTest::testAll.INFO: PASSED [] []
[2013-05-09 18:43:18] ActiveRecordTest::testAssociations.INFO: PASSED [] []
[2013-05-09 18:43:18] ActiveRecordTest::testMissingFindQuery.INFO: PASSED [] []
[2013-05-09 18:43:18] ActiveRecordTest::testMissingGetQuery.ALERT: Failed asserting that a boolean is not empty. [] []
[2013-05-09 18:43:18] ActiveRecordTest::testMissingGetQuery.INFO: # FAILED # [] []
[2013-05-09 18:43:18] ActiveRecordTest::testMissingGetQuery.INFO: PASSED [] []
[2013-05-09 18:43:18] ActiveRecordTest::testMissingWhereWithoutLike.INFO: PASSED [] []
[2013-05-09 18:43:18] brandAdminTest::testInstantiation.INFO: PASSED [] []
[2013-05-09 18:43:18] brandAdminTest::testSaveWithoutTitle.INFO: PASSED [] []
[2013-05-09 18:43:18] brandAdminTest::testSaveSuccessful.INFO: PASSED [] []
[2013-05-09 18:43:18] colourAdminTest::testInstantiation.INFO: PASSED [] []
[2013-05-09 18:43:18] colourAdminTest::testSaveWithoutTitle.INFO: PASSED [] []
[2013-05-09 18:43:18] colourAdminTest::testSaveSuccessful.INFO: PASSED [] []
[2013-05-09 18:43:18] contact_infoAdminTest::testInstantiation.INFO: PASSED [] []
[2013-05-09 18:43:18] contact_infoAdminTest::testSaveWithoutAddress.INFO: PASSED [] []
[2013-05-09 18:43:18] contact_infoAdminTest::testSaveWithoutTelephone.INFO: PASSED [] []
[2013-05-09 18:43:18] contact_infoAdminTest::testSaveWithoutFax.INFO: PASSED [] []
[2013-05-09 18:43:18] contact_infoAdminTest::testSaveWithoutEmail.INFO: PASSED [] []
[2013-05-09 18:43:18] contact_infoAdminTest::testSaveSuccessful.INFO: PASSED [] []
[2013-05-09 18:43:18] corporate_contractsAdminTest::testInstantiation.INFO: PASSED [] []
[2013-05-09 18:43:18] corporate_contractsAdminTest::testSaveWithoutContent.INFO: PASSED [] []
[2013-05-09 18:43:18] corporate_contractsAdminTest::testSaveSuccessful.INFO: PASSED [] []
[2013-05-09 18:43:18] finishAdminTest::testInstantiation.INFO: PASSED [] []
[2013-05-09 18:43:18] finishAdminTest::testSaveWithoutTitle.INFO: PASSED [] []
[2013-05-09 18:43:18] finishAdminTest::testSaveSuccessful.INFO: PASSED [] []
[2013-05-09 18:43:18] GenericPagesAdminTest::testInstantiation.INFO: PASSED [] []
[2013-05-09 18:43:18] GenericPagesAdminTest::testSaveWithoutTitle.INFO: PASSED [] []
[2013-05-09 18:43:18] GenericPagesAdminTest::testSaveWithoutSub_title.INFO: PASSED [] []
[2013-05-09 18:43:18] GenericPagesAdminTest::testSaveWithoutContent.INFO: PASSED [] []
[2013-05-09 18:43:18] GenericPagesAdminTest::testSaveSuccessful.INFO: PASSED [] []
[2013-05-09 18:43:18] order_infoAdminTest::testInstantiation.INFO: PASSED [] []
[2013-05-09 18:43:18] order_infoAdminTest::testSaveWithoutReturns.INFO: PASSED [] []
[2013-05-09 18:43:18] order_infoAdminTest::testSaveWithoutDelivery.INFO: PASSED [] []
[2013-05-09 18:43:18] order_infoAdminTest::testSaveSuccessful.INFO: PASSED [] []
[2013-05-09 18:43:18] ordersAdminTest::testInstantiation.INFO: PASSED [] []
[2013-05-09 18:43:18] ordersAdminTest::testSaveWithoutCart_id.INFO: PASSED [] []
[2013-05-09 18:43:18] ordersAdminTest::testSaveWithoutProcessed.INFO: PASSED [] []
[2013-05-09 18:43:18] ordersAdminTest::testSaveSuccessful.ALERT: Failed asserting that false is true. [] []
[2013-05-09 18:43:18] ordersAdminTest::testSaveSuccessful.INFO: # FAILED # [] []
[2013-05-09 18:43:18] ordersAdminTest::testSaveSuccessful.INFO: PASSED [] []
[2013-05-09 18:43:18] productsAdminTest::testInstantiation.INFO: PASSED [] []
[2013-05-09 18:43:18] productsAdminTest::testSaveWithoutType.INFO: PASSED [] []
[2013-05-09 18:43:18] productsAdminTest::testSaveWithoutTitle.INFO: PASSED [] []
[2013-05-09 18:43:18] productsAdminTest::testSaveWithoutDescription.INFO: PASSED [] []
[2013-05-09 18:43:18] productsAdminTest::testSaveWithoutPrice.ALERT: Failed asserting that true is false. [] []
[2013-05-09 18:43:18] productsAdminTest::testSaveWithoutPrice.INFO: # FAILED # [] []
[2013-05-09 18:43:18] productsAdminTest::testSaveWithoutPrice.INFO: PASSED [] []
[2013-05-09 18:43:18] productsAdminTest::testSaveWithoutBrand.ALERT: Failed asserting that true is false. [] []
[2013-05-09 18:43:18] productsAdminTest::testSaveWithoutBrand.INFO: # FAILED # [] []
[2013-05-09 18:43:18] productsAdminTest::testSaveWithoutBrand.INFO: PASSED [] []
[2013-05-09 18:43:18] productsAdminTest::testSaveWithoutPrimary_colour.ALERT: Failed asserting that true is false. [] []
[2013-05-09 18:43:18] productsAdminTest::testSaveWithoutPrimary_colour.INFO: # FAILED # [] []
[2013-05-09 18:43:18] productsAdminTest::testSaveWithoutPrimary_colour.INFO: PASSED [] []
[2013-05-09 18:43:18] productsAdminTest::testSaveWithoutSecondary_colour.ALERT: Failed asserting that true is false. [] []
[2013-05-09 18:43:18] productsAdminTest::testSaveWithoutSecondary_colour.INFO: # FAILED # [] []
[2013-05-09 18:43:18] productsAdminTest::testSaveWithoutSecondary_colour.INFO: PASSED [] []
[2013-05-09 18:43:18] productsAdminTest::testSaveWithoutGallery.ALERT: Failed asserting that true is false. [] []
[2013-05-09 18:43:18] productsAdminTest::testSaveWithoutGallery.INFO: # FAILED # [] []
[2013-05-09 18:43:18] productsAdminTest::testSaveWithoutGallery.INFO: PASSED [] []
[2013-05-09 18:43:18] productsAdminTest::testSaveWithoutStyle.ALERT: Failed asserting that true is false. [] []
[2013-05-09 18:43:18] productsAdminTest::testSaveWithoutStyle.INFO: # FAILED # [] []
[2013-05-09 18:43:18] productsAdminTest::testSaveWithoutStyle.INFO: PASSED [] []
[2013-05-09 18:43:18] productsAdminTest::testSaveWithoutFinish.ALERT: Failed asserting that true is false. [] []
[2013-05-09 18:43:18] productsAdminTest::testSaveWithoutFinish.INFO: # FAILED # [] []
[2013-05-09 18:43:18] productsAdminTest::testSaveWithoutFinish.INFO: PASSED [] []
[2013-05-09 18:43:18] productsAdminTest::testSaveWithoutRoll_size.ALERT: Failed asserting that true is false. [] []
[2013-05-09 18:43:18] productsAdminTest::testSaveWithoutRoll_size.INFO: # FAILED # [] []
[2013-05-09 18:43:18] productsAdminTest::testSaveWithoutRoll_size.INFO: PASSED [] []
[2013-05-09 18:43:18] productsAdminTest::testSaveWithoutPattern_repeat.ALERT: Failed asserting that true is false. [] []
[2013-05-09 18:43:18] productsAdminTest::testSaveWithoutPattern_repeat.INFO: # FAILED # [] []
[2013-05-09 18:43:18] productsAdminTest::testSaveWithoutPattern_repeat.INFO: PASSED [] []
[2013-05-09 18:43:18] productsAdminTest::testSaveSuccessful.INFO: PASSED [] []
[2013-05-09 18:43:18] quotesAdminTest::testInstantiation.INFO: PASSED [] []
[2013-05-09 18:43:18] quotesAdminTest::testSaveWithoutTitle.INFO: PASSED [] []
[2013-05-09 18:43:18] quotesAdminTest::testSaveWithoutName.INFO: PASSED [] []
[2013-05-09 18:43:18] quotesAdminTest::testSaveWithoutPosition.INFO: PASSED [] []
[2013-05-09 18:43:18] quotesAdminTest::testSaveSuccessful.INFO: PASSED [] []
[2013-05-09 18:43:18] RouterTest::testInstantiation.INFO: PASSED [] []
[2013-05-09 18:43:18] RouterTest::testMap.INFO: PASSED [] []
[2013-05-09 18:43:18] RouterTest::testEmptyMap.INFO: PASSED [] []
[2013-05-09 18:43:18] RouterTest::testGetAdmin.INFO: PASSED [] []
[2013-05-09 18:43:18] RouterTest::testGet.INFO: PASSED [] []
[2013-05-09 18:43:18] styleAdminTest::testInstantiation.INFO: PASSED [] []
[2013-05-09 18:43:18] styleAdminTest::testSaveWithoutTitle.INFO: PASSED [] []
[2013-05-09 18:43:18] styleAdminTest::testSaveSuccessful.INFO: PASSED [] []
[2013-05-09 18:43:18] testimonialsAdminTest::testInstantiation.INFO: PASSED [] []
[2013-05-09 18:43:18] testimonialsAdminTest::testSaveWithoutContent.INFO: PASSED [] []
[2013-05-09 18:43:18] testimonialsAdminTest::testSaveWithoutTitle.INFO: PASSED [] []
[2013-05-09 18:43:18] testimonialsAdminTest::testSaveWithoutPosition.INFO: PASSED [] []
[2013-05-09 18:43:18] testimonialsAdminTest::testSaveSuccessful.INFO: PASSED [] []
[2013-05-09 18:43:21] TestContactCestCept.php.INFO: PASSED [] []
[2013-05-09 18:43:21] TestOrderCestCept.php.INFO: PASSED [] []
[2013-05-09 18:43:21] TestProductpagesCestCept.php.INFO: PASSED [] []
[2013-05-09 18:43:21] TestProductsCestCept.php.INFO: PASSED [] []
[2013-05-09 18:43:21] Codeception\TestCase\Cest::view.INFO: test method "products.view" [] []
[2013-05-09 18:43:21] Codeception\TestCase\Cest::view.INFO: have fake class "products" [] []
[2013-05-09 18:43:21] Codeception\TestCase\Cest::view.INFO: execute tested method on "products",1 [] []
[2013-05-09 18:43:21] Codeception\TestCase\Cest::view.INFO: i expect there to be a 404 error thrown  [] []
[2013-05-09 18:43:21] Codeception\TestCase\Cest::view.INFO: execute tested method on "products",0 [] []
[2013-05-09 18:43:21] Codeception\TestCase\Cest::view.INFO: PASSED [] []
[2013-05-09 18:43:21] ActiveRecordTest::testInstantian.INFO: PASSED [] []
[2013-05-09 18:43:21] ActiveRecordTest::testCreate.INFO: PASSED [] []
[2013-05-09 18:43:21] ActiveRecordTest::testValidation.INFO: PASSED [] []
[2013-05-09 18:43:21] ActiveRecordTest::testFind.INFO: PASSED [] []
[2013-05-09 18:43:21] ActiveRecordTest::testAll.ALERT: Failed asserting that false is true. [] []
[2013-05-09 18:43:21] ActiveRecordTest::testAll.INFO: # FAILED # [] []
[2013-05-09 18:43:21] ActiveRecordTest::testAll.INFO: PASSED [] []
[2013-05-09 18:43:21] ActiveRecordTest::testAssociations.INFO: PASSED [] []
[2013-05-09 18:43:21] ActiveRecordTest::testMissingFindQuery.INFO: PASSED [] []
[2013-05-09 18:43:21] ActiveRecordTest::testMissingGetQuery.ALERT: Failed asserting that a boolean is not empty. [] []
[2013-05-09 18:43:21] ActiveRecordTest::testMissingGetQuery.INFO: # FAILED # [] []
[2013-05-09 18:43:21] ActiveRecordTest::testMissingGetQuery.INFO: PASSED [] []
[2013-05-09 18:43:21] ActiveRecordTest::testMissingWhereWithoutLike.INFO: PASSED [] []
[2013-05-09 18:43:21] brandAdminTest::testInstantiation.INFO: PASSED [] []
[2013-05-09 18:43:21] brandAdminTest::testSaveWithoutTitle.INFO: PASSED [] []
[2013-05-09 18:43:21] brandAdminTest::testSaveSuccessful.INFO: PASSED [] []
[2013-05-09 18:43:21] colourAdminTest::testInstantiation.INFO: PASSED [] []
[2013-05-09 18:43:21] colourAdminTest::testSaveWithoutTitle.INFO: PASSED [] []
[2013-05-09 18:43:21] colourAdminTest::testSaveSuccessful.INFO: PASSED [] []
[2013-05-09 18:43:22] contact_infoAdminTest::testInstantiation.INFO: PASSED [] []
[2013-05-09 18:43:22] contact_infoAdminTest::testSaveWithoutAddress.INFO: PASSED [] []
[2013-05-09 18:43:22] contact_infoAdminTest::testSaveWithoutTelephone.INFO: PASSED [] []
[2013-05-09 18:43:22] contact_infoAdminTest::testSaveWithoutFax.INFO: PASSED [] []
[2013-05-09 18:43:22] contact_infoAdminTest::testSaveWithoutEmail.INFO: PASSED [] []
[2013-05-09 18:43:22] contact_infoAdminTest::testSaveSuccessful.INFO: PASSED [] []
[2013-05-09 18:43:22] corporate_contractsAdminTest::testInstantiation.INFO: PASSED [] []
[2013-05-09 18:43:22] corporate_contractsAdminTest::testSaveWithoutContent.INFO: PASSED [] []
[2013-05-09 18:43:22] corporate_contractsAdminTest::testSaveSuccessful.INFO: PASSED [] []
[2013-05-09 18:43:22] finishAdminTest::testInstantiation.INFO: PASSED [] []
[2013-05-09 18:43:22] finishAdminTest::testSaveWithoutTitle.INFO: PASSED [] []
[2013-05-09 18:43:22] finishAdminTest::testSaveSuccessful.INFO: PASSED [] []
[2013-05-09 18:43:22] GenericPagesAdminTest::testInstantiation.INFO: PASSED [] []
[2013-05-09 18:43:22] GenericPagesAdminTest::testSaveWithoutTitle.INFO: PASSED [] []
[2013-05-09 18:43:22] GenericPagesAdminTest::testSaveWithoutSub_title.INFO: PASSED [] []
[2013-05-09 18:43:22] GenericPagesAdminTest::testSaveWithoutContent.INFO: PASSED [] []
[2013-05-09 18:43:22] GenericPagesAdminTest::testSaveSuccessful.INFO: PASSED [] []
[2013-05-09 18:43:22] order_infoAdminTest::testInstantiation.INFO: PASSED [] []
[2013-05-09 18:43:22] order_infoAdminTest::testSaveWithoutReturns.INFO: PASSED [] []
[2013-05-09 18:43:22] order_infoAdminTest::testSaveWithoutDelivery.INFO: PASSED [] []
[2013-05-09 18:43:22] order_infoAdminTest::testSaveSuccessful.INFO: PASSED [] []
[2013-05-09 18:43:22] ordersAdminTest::testInstantiation.INFO: PASSED [] []
[2013-05-09 18:43:22] ordersAdminTest::testSaveWithoutCart_id.INFO: PASSED [] []
[2013-05-09 18:43:22] ordersAdminTest::testSaveWithoutProcessed.INFO: PASSED [] []
[2013-05-09 18:43:22] ordersAdminTest::testSaveSuccessful.ALERT: Failed asserting that false is true. [] []
[2013-05-09 18:43:22] ordersAdminTest::testSaveSuccessful.INFO: # FAILED # [] []
[2013-05-09 18:43:22] ordersAdminTest::testSaveSuccessful.INFO: PASSED [] []
[2013-05-09 18:43:22] productsAdminTest::testInstantiation.INFO: PASSED [] []
[2013-05-09 18:43:22] productsAdminTest::testSaveWithoutType.INFO: PASSED [] []
[2013-05-09 18:43:22] productsAdminTest::testSaveWithoutTitle.INFO: PASSED [] []
[2013-05-09 18:43:22] productsAdminTest::testSaveWithoutDescription.INFO: PASSED [] []
[2013-05-09 18:43:22] productsAdminTest::testSaveWithoutPrice.ALERT: Failed asserting that true is false. [] []
[2013-05-09 18:43:22] productsAdminTest::testSaveWithoutPrice.INFO: # FAILED # [] []
[2013-05-09 18:43:22] productsAdminTest::testSaveWithoutPrice.INFO: PASSED [] []
[2013-05-09 18:43:22] productsAdminTest::testSaveWithoutBrand.ALERT: Failed asserting that true is false. [] []
[2013-05-09 18:43:22] productsAdminTest::testSaveWithoutBrand.INFO: # FAILED # [] []
[2013-05-09 18:43:22] productsAdminTest::testSaveWithoutBrand.INFO: PASSED [] []
[2013-05-09 18:43:22] productsAdminTest::testSaveWithoutPrimary_colour.ALERT: Failed asserting that true is false. [] []
[2013-05-09 18:43:22] productsAdminTest::testSaveWithoutPrimary_colour.INFO: # FAILED # [] []
[2013-05-09 18:43:22] productsAdminTest::testSaveWithoutPrimary_colour.INFO: PASSED [] []
[2013-05-09 18:43:22] productsAdminTest::testSaveWithoutSecondary_colour.ALERT: Failed asserting that true is false. [] []
[2013-05-09 18:43:22] productsAdminTest::testSaveWithoutSecondary_colour.INFO: # FAILED # [] []
[2013-05-09 18:43:22] productsAdminTest::testSaveWithoutSecondary_colour.INFO: PASSED [] []
[2013-05-09 18:43:22] productsAdminTest::testSaveWithoutGallery.ALERT: Failed asserting that true is false. [] []
[2013-05-09 18:43:22] productsAdminTest::testSaveWithoutGallery.INFO: # FAILED # [] []
[2013-05-09 18:43:22] productsAdminTest::testSaveWithoutGallery.INFO: PASSED [] []
[2013-05-09 18:43:22] productsAdminTest::testSaveWithoutStyle.ALERT: Failed asserting that true is false. [] []
[2013-05-09 18:43:22] productsAdminTest::testSaveWithoutStyle.INFO: # FAILED # [] []
[2013-05-09 18:43:22] productsAdminTest::testSaveWithoutStyle.INFO: PASSED [] []
[2013-05-09 18:43:22] productsAdminTest::testSaveWithoutFinish.ALERT: Failed asserting that true is false. [] []
[2013-05-09 18:43:22] productsAdminTest::testSaveWithoutFinish.INFO: # FAILED # [] []
[2013-05-09 18:43:22] productsAdminTest::testSaveWithoutFinish.INFO: PASSED [] []
[2013-05-09 18:43:22] productsAdminTest::testSaveWithoutRoll_size.ALERT: Failed asserting that true is false. [] []
[2013-05-09 18:43:22] productsAdminTest::testSaveWithoutRoll_size.INFO: # FAILED # [] []
[2013-05-09 18:43:22] productsAdminTest::testSaveWithoutRoll_size.INFO: PASSED [] []
[2013-05-09 18:43:22] productsAdminTest::testSaveWithoutPattern_repeat.ALERT: Failed asserting that true is false. [] []
[2013-05-09 18:43:22] productsAdminTest::testSaveWithoutPattern_repeat.INFO: # FAILED # [] []
[2013-05-09 18:43:22] productsAdminTest::testSaveWithoutPattern_repeat.INFO: PASSED [] []
[2013-05-09 18:43:22] productsAdminTest::testSaveSuccessful.INFO: PASSED [] []
[2013-05-09 18:43:22] quotesAdminTest::testInstantiation.INFO: PASSED [] []
[2013-05-09 18:43:22] quotesAdminTest::testSaveWithoutTitle.INFO: PASSED [] []
[2013-05-09 18:43:22] quotesAdminTest::testSaveWithoutName.INFO: PASSED [] []
[2013-05-09 18:43:22] quotesAdminTest::testSaveWithoutPosition.INFO: PASSED [] []
[2013-05-09 18:43:22] quotesAdminTest::testSaveSuccessful.INFO: PASSED [] []
[2013-05-09 18:43:22] RouterTest::testInstantiation.INFO: PASSED [] []
[2013-05-09 18:43:22] RouterTest::testMap.INFO: PASSED [] []
[2013-05-09 18:43:22] RouterTest::testEmptyMap.INFO: PASSED [] []
[2013-05-09 18:43:22] RouterTest::testGetAdmin.INFO: PASSED [] []
[2013-05-09 18:43:22] RouterTest::testGet.INFO: PASSED [] []
[2013-05-09 18:43:22] styleAdminTest::testInstantiation.INFO: PASSED [] []
[2013-05-09 18:43:22] styleAdminTest::testSaveWithoutTitle.INFO: PASSED [] []
[2013-05-09 18:43:22] styleAdminTest::testSaveSuccessful.INFO: PASSED [] []
[2013-05-09 18:43:22] testimonialsAdminTest::testInstantiation.INFO: PASSED [] []
[2013-05-09 18:43:22] testimonialsAdminTest::testSaveWithoutContent.INFO: PASSED [] []
[2013-05-09 18:43:22] testimonialsAdminTest::testSaveWithoutTitle.INFO: PASSED [] []
[2013-05-09 18:43:22] testimonialsAdminTest::testSaveWithoutPosition.INFO: PASSED [] []
[2013-05-09 18:43:22] testimonialsAdminTest::testSaveSuccessful.INFO: PASSED [] []
