[2013-05-08 15:10:22] TestOrderCestCept.php.INFO: PASSED [] []
[2013-05-08 15:10:22] TestProductpagesCestCept.php.INFO: PASSED [] []
[2013-05-08 15:10:22] TestProductsCestCept.php.INFO: PASSED [] []
[2013-05-08 15:10:22] Codeception\TestCase\Cest::view.INFO: test method "products.view" [] []
[2013-05-08 15:10:22] Codeception\TestCase\Cest::view.INFO: have fake class "products" [] []
[2013-05-08 15:10:22] Codeception\TestCase\Cest::view.INFO: execute tested method on "products",1 [] []
[2013-05-08 15:10:22] Codeception\TestCase\Cest::view.INFO: i expect there to be a 404 error thrown  [] []
[2013-05-08 15:10:22] Codeception\TestCase\Cest::view.INFO: execute tested method on "products",0 [] []
[2013-05-08 15:10:22] Codeception\TestCase\Cest::view.INFO: PASSED [] []
[2013-05-08 15:10:22] ActiveRecordTest::testInstantian.INFO: PASSED [] []
[2013-05-08 15:10:22] ActiveRecordTest::testCreate.INFO: PASSED [] []
[2013-05-08 15:10:22] ActiveRecordTest::testValidation.INFO: PASSED [] []
[2013-05-08 15:10:22] ActiveRecordTest::testFind.INFO: PASSED [] []
[2013-05-08 15:10:22] ActiveRecordTest::testAll.ALERT: Failed asserting that false is true. [] []
[2013-05-08 15:10:22] ActiveRecordTest::testAll.INFO: # FAILED # [] []
[2013-05-08 15:10:22] ActiveRecordTest::testAll.INFO: PASSED [] []
[2013-05-08 15:10:22] ActiveRecordTest::testAssociations.INFO: PASSED [] []
[2013-05-08 15:10:22] ActiveRecordTest::testMissingFindQuery.INFO: PASSED [] []
[2013-05-08 15:10:22] ActiveRecordTest::testMissingGetQuery.ALERT: Failed asserting that a boolean is not empty. [] []
[2013-05-08 15:10:22] ActiveRecordTest::testMissingGetQuery.INFO: # FAILED # [] []
[2013-05-08 15:10:22] ActiveRecordTest::testMissingGetQuery.INFO: PASSED [] []
[2013-05-08 15:10:22] ActiveRecordTest::testMissingWhereWithoutLike.INFO: PASSED [] []
[2013-05-08 15:10:22] brandAdminTest::testInstantiation.INFO: PASSED [] []
[2013-05-08 15:10:22] brandAdminTest::testSaveWithoutTitle.INFO: PASSED [] []
[2013-05-08 15:10:22] brandAdminTest::testSaveSuccessful.INFO: PASSED [] []
[2013-05-08 15:10:22] colourAdminTest::testInstantiation.INFO: PASSED [] []
[2013-05-08 15:10:22] colourAdminTest::testSaveWithoutTitle.INFO: PASSED [] []
[2013-05-08 15:10:22] colourAdminTest::testSaveSuccessful.INFO: PASSED [] []
[2013-05-08 15:10:22] corporate_contractsAdminTest::testInstantiation.INFO: PASSED [] []
[2013-05-08 15:10:22] corporate_contractsAdminTest::testSaveWithoutContent.INFO: PASSED [] []
[2013-05-08 15:10:22] corporate_contractsAdminTest::testSaveSuccessful.INFO: PASSED [] []
[2013-05-08 15:10:22] finishAdminTest::testInstantiation.INFO: PASSED [] []
[2013-05-08 15:10:22] finishAdminTest::testSaveWithoutTitle.INFO: PASSED [] []
[2013-05-08 15:10:22] finishAdminTest::testSaveSuccessful.INFO: PASSED [] []
[2013-05-08 15:10:22] GenericPagesAdminTest::testInstantiation.INFO: PASSED [] []
[2013-05-08 15:10:22] GenericPagesAdminTest::testSaveWithoutTitle.INFO: PASSED [] []
[2013-05-08 15:10:22] GenericPagesAdminTest::testSaveWithoutSub_title.INFO: PASSED [] []
[2013-05-08 15:10:22] GenericPagesAdminTest::testSaveWithoutContent.INFO: PASSED [] []
[2013-05-08 15:10:22] GenericPagesAdminTest::testSaveSuccessful.INFO: PASSED [] []
[2013-05-08 15:10:22] order_infoAdminTest::testInstantiation.INFO: PASSED [] []
[2013-05-08 15:10:22] order_infoAdminTest::testSaveWithoutReturns.INFO: PASSED [] []
[2013-05-08 15:10:22] order_infoAdminTest::testSaveWithoutDelivery.INFO: PASSED [] []
[2013-05-08 15:10:22] order_infoAdminTest::testSaveSuccessful.INFO: PASSED [] []
[2013-05-08 15:10:22] ordersAdminTest::testInstantiation.INFO: PASSED [] []
[2013-05-08 15:10:22] ordersAdminTest::testSaveWithoutCart_id.INFO: PASSED [] []
[2013-05-08 15:10:22] ordersAdminTest::testSaveWithoutProcessed.INFO: PASSED [] []
[2013-05-08 15:10:22] ordersAdminTest::testSaveSuccessful.ALERT: Failed asserting that false is true. [] []
[2013-05-08 15:10:22] ordersAdminTest::testSaveSuccessful.INFO: # FAILED # [] []
[2013-05-08 15:10:22] ordersAdminTest::testSaveSuccessful.INFO: PASSED [] []
[2013-05-08 15:10:22] productsAdminTest::testInstantiation.INFO: PASSED [] []
[2013-05-08 15:10:22] productsAdminTest::testSaveWithoutType.INFO: PASSED [] []
[2013-05-08 15:10:22] productsAdminTest::testSaveWithoutTitle.INFO: PASSED [] []
[2013-05-08 15:10:22] productsAdminTest::testSaveWithoutDescription.INFO: PASSED [] []
[2013-05-08 15:10:22] productsAdminTest::testSaveWithoutPrice.ALERT: Failed asserting that true is false. [] []
[2013-05-08 15:10:22] productsAdminTest::testSaveWithoutPrice.INFO: # FAILED # [] []
[2013-05-08 15:10:22] productsAdminTest::testSaveWithoutPrice.INFO: PASSED [] []
[2013-05-08 15:10:22] productsAdminTest::testSaveWithoutBrand.ALERT: Failed asserting that true is false. [] []
[2013-05-08 15:10:22] productsAdminTest::testSaveWithoutBrand.INFO: # FAILED # [] []
[2013-05-08 15:10:22] productsAdminTest::testSaveWithoutBrand.INFO: PASSED [] []
[2013-05-08 15:10:22] productsAdminTest::testSaveWithoutPrimary_colour.ALERT: Failed asserting that true is false. [] []
[2013-05-08 15:10:22] productsAdminTest::testSaveWithoutPrimary_colour.INFO: # FAILED # [] []
[2013-05-08 15:10:22] productsAdminTest::testSaveWithoutPrimary_colour.INFO: PASSED [] []
[2013-05-08 15:10:22] productsAdminTest::testSaveWithoutSecondary_colour.ALERT: Failed asserting that true is false. [] []
[2013-05-08 15:10:22] productsAdminTest::testSaveWithoutSecondary_colour.INFO: # FAILED # [] []
[2013-05-08 15:10:22] productsAdminTest::testSaveWithoutSecondary_colour.INFO: PASSED [] []
[2013-05-08 15:10:22] productsAdminTest::testSaveWithoutGallery.ALERT: Failed asserting that true is false. [] []
[2013-05-08 15:10:22] productsAdminTest::testSaveWithoutGallery.INFO: # FAILED # [] []
[2013-05-08 15:10:22] productsAdminTest::testSaveWithoutGallery.INFO: PASSED [] []
[2013-05-08 15:10:22] productsAdminTest::testSaveWithoutStyle.ALERT: Failed asserting that true is false. [] []
[2013-05-08 15:10:22] productsAdminTest::testSaveWithoutStyle.INFO: # FAILED # [] []
[2013-05-08 15:10:22] productsAdminTest::testSaveWithoutStyle.INFO: PASSED [] []
[2013-05-08 15:10:22] productsAdminTest::testSaveWithoutFinish.ALERT: Failed asserting that true is false. [] []
[2013-05-08 15:10:22] productsAdminTest::testSaveWithoutFinish.INFO: # FAILED # [] []
[2013-05-08 15:10:22] productsAdminTest::testSaveWithoutFinish.INFO: PASSED [] []
[2013-05-08 15:10:22] productsAdminTest::testSaveWithoutRoll_size.ALERT: Failed asserting that true is false. [] []
[2013-05-08 15:10:22] productsAdminTest::testSaveWithoutRoll_size.INFO: # FAILED # [] []
[2013-05-08 15:10:22] productsAdminTest::testSaveWithoutRoll_size.INFO: PASSED [] []
[2013-05-08 15:10:22] productsAdminTest::testSaveWithoutPattern_repeat.ALERT: Failed asserting that true is false. [] []
[2013-05-08 15:10:22] productsAdminTest::testSaveWithoutPattern_repeat.INFO: # FAILED # [] []
[2013-05-08 15:10:22] productsAdminTest::testSaveWithoutPattern_repeat.INFO: PASSED [] []
[2013-05-08 15:10:22] productsAdminTest::testSaveSuccessful.INFO: PASSED [] []
[2013-05-08 15:10:22] quotesAdminTest::testInstantiation.INFO: PASSED [] []
[2013-05-08 15:10:22] quotesAdminTest::testSaveWithoutTitle.INFO: PASSED [] []
[2013-05-08 15:10:22] quotesAdminTest::testSaveWithoutName.INFO: PASSED [] []
[2013-05-08 15:10:23] quotesAdminTest::testSaveWithoutPosition.INFO: PASSED [] []
[2013-05-08 15:10:23] quotesAdminTest::testSaveSuccessful.INFO: PASSED [] []
[2013-05-08 15:10:23] RouterTest::testInstantiation.INFO: PASSED [] []
[2013-05-08 15:10:23] RouterTest::testMap.INFO: PASSED [] []
[2013-05-08 15:10:23] RouterTest::testEmptyMap.INFO: PASSED [] []
[2013-05-08 15:10:23] RouterTest::testGetAdmin.INFO: PASSED [] []
[2013-05-08 15:10:23] RouterTest::testGet.INFO: PASSED [] []
[2013-05-08 15:10:23] styleAdminTest::testInstantiation.INFO: PASSED [] []
[2013-05-08 15:10:23] styleAdminTest::testSaveWithoutTitle.INFO: PASSED [] []
[2013-05-08 15:10:23] styleAdminTest::testSaveSuccessful.INFO: PASSED [] []
[2013-05-08 15:10:23] testimonialsAdminTest::testInstantiation.INFO: PASSED [] []
[2013-05-08 15:10:23] testimonialsAdminTest::testSaveWithoutContent.INFO: PASSED [] []
[2013-05-08 15:10:23] testimonialsAdminTest::testSaveWithoutTitle.INFO: PASSED [] []
[2013-05-08 15:10:23] testimonialsAdminTest::testSaveWithoutPosition.INFO: PASSED [] []
[2013-05-08 15:10:23] testimonialsAdminTest::testSaveSuccessful.INFO: PASSED [] []
